Using pre-set license
Built from '2022.3/staging' branch; Version is '2022.3.15f1 (b58023a2b463) revision 11894819'; Using compiler version '192829333'; Build Type 'Release'
OS: 'Windows 11  (10.0.22631) 64bit CoreSingleLanguage' Language: 'tr' Physical Memory: 16241 MB
BatchMode: 1, IsHumanControllingUs: 0, StartBugReporterOnCrash: 0, Is64bit: 1, IsPro: 1

COMMAND LINE ARGUMENTS:
C:\Program Files\Unity\Hub\Editor\2022.3.15f1\Editor\Unity.exe
-adb2
-batchMode
-noUpm
-name
AssetImportWorker1
-projectPath
C:/UnityProjects/firstProject
-logFile
Logs/AssetImportWorker1.log
-srvPort
50694
Successfully changed project path to: C:/UnityProjects/firstProject
C:/UnityProjects/firstProject
[UnityMemory] Configuration Parameters - Can be set up in boot.config
    "memorysetup-bucket-allocator-granularity=16"
    "memorysetup-bucket-allocator-bucket-count=8"
    "memorysetup-bucket-allocator-block-size=33554432"
    "memorysetup-bucket-allocator-block-count=8"
    "memorysetup-main-allocator-block-size=16777216"
    "memorysetup-thread-allocator-block-size=16777216"
    "memorysetup-gfx-main-allocator-block-size=16777216"
    "memorysetup-gfx-thread-allocator-block-size=16777216"
    "memorysetup-cache-allocator-block-size=4194304"
    "memorysetup-typetree-allocator-block-size=2097152"
    "memorysetup-profiler-bucket-allocator-granularity=16"
    "memorysetup-profiler-bucket-allocator-bucket-count=8"
    "memorysetup-profiler-bucket-allocator-block-size=33554432"
    "memorysetup-profiler-bucket-allocator-block-count=8"
    "memorysetup-profiler-allocator-block-size=16777216"
    "memorysetup-profiler-editor-allocator-block-size=1048576"
    "memorysetup-temp-allocator-size-main=16777216"
    "memorysetup-job-temp-allocator-block-size=2097152"
    "memorysetup-job-temp-allocator-block-size-background=1048576"
    "memorysetup-job-temp-allocator-reduction-small-platforms=262144"
    "memorysetup-allocator-temp-initial-block-size-main=262144"
    "memorysetup-allocator-temp-initial-block-size-worker=262144"
    "memorysetup-temp-allocator-size-background-worker=32768"
    "memorysetup-temp-allocator-size-job-worker=262144"
    "memorysetup-temp-allocator-size-preload-manager=33554432"
    "memorysetup-temp-allocator-size-nav-mesh-worker=65536"
    "memorysetup-temp-allocator-size-audio-worker=65536"
    "memorysetup-temp-allocator-size-cloud-worker=32768"
    "memorysetup-temp-allocator-size-gi-baking-worker=262144"
    "memorysetup-temp-allocator-size-gfx=262144"
Player connection [13360] Host "[IP] 192.168.0.110 [Port] 0 [Flags] 2 [Guid] 276806528 [EditorId] 276806528 [Version] 1048832 [Id] WindowsEditor(7,MSB) [Debug] 1 [PackageName] WindowsEditor [ProjectName] Editor" joined multi-casting on [225.0.0.222:54997]...

Player connection [13360] Host "[IP] 192.168.0.110 [Port] 0 [Flags] 2 [Guid] 276806528 [EditorId] 276806528 [Version] 1048832 [Id] WindowsEditor(7,MSB) [Debug] 1 [PackageName] WindowsEditor [ProjectName] Editor" joined alternative multi-casting on [225.0.0.222:34997]...

[Physics::Module] Initialized MultithreadedJobDispatcher with 11 workers.
Refreshing native plugins compatible for Editor in 13.72 ms, found 3 plugins.
Preloading 0 native plugins for Editor in 0.00 ms.
Initialize engine version: 2022.3.15f1 (b58023a2b463)
[Subsystems] Discovering subsystems at path C:/Program Files/Unity/Hub/Editor/2022.3.15f1/Editor/Data/Resources/UnitySubsystems
[Subsystems] Discovering subsystems at path C:/UnityProjects/firstProject/Assets
GfxDevice: creating device client; threaded=0; jobified=0
Direct3D:
    Version:  Direct3D 11.0 [level 11.1]
    Renderer: NVIDIA GeForce GTX 1650 (ID=0x1f91)
    Vendor:   NVIDIA
    VRAM:     3950 MB
    Driver:   31.0.15.4633
Initialize mono
Mono path[0] = 'C:/Program Files/Unity/Hub/Editor/2022.3.15f1/Editor/Data/Managed'
Mono path[1] = 'C:/Program Files/Unity/Hub/Editor/2022.3.15f1/Editor/Data/MonoBleedingEdge/lib/mono/unityjit-win32'
Mono config path = 'C:/Program Files/Unity/Hub/Editor/2022.3.15f1/Editor/Data/MonoBleedingEdge/etc'
Using monoOptions --debugger-agent=transport=dt_socket,embedding=1,server=y,suspend=n,address=127.0.0.1:56640
Begin MonoManager ReloadAssembly
Registering precompiled unity dll's ...
Register platform support module: C:/Program Files/Unity/Hub/Editor/2022.3.15f1/Editor/Data/PlaybackEngines/WebGLSupport/UnityEditor.WebGL.Extensions.dll
Register platform support module: C:/Program Files/Unity/Hub/Editor/2022.3.15f1/Editor/Data/PlaybackEngines/AndroidPlayer/UnityEditor.Android.Extensions.dll
Register platform support module: C:/Program Files/Unity/Hub/Editor/2022.3.15f1/Editor/Data/PlaybackEngines/WindowsStandaloneSupport/UnityEditor.WindowsStandalone.Extensions.dll
Register platform support module: C:/Program Files/Unity/Hub/Editor/2022.3.15f1/Editor/Data/PlaybackEngines/MetroSupport/UnityEditor.UWP.Extensions.dll
Registered in 0.023195 seconds.
- Loaded All Assemblies, in  0.528 seconds
Native extension for UWP target not found
Native extension for WindowsStandalone target not found
Native extension for Android target not found
Android Extension - Scanning For ADB Devices 417 ms
Native extension for WebGL target not found
Mono: successfully reloaded assembly
- Finished resetting the current domain, in  0.858 seconds
Domain Reload Profiling: 1381ms
	BeginReloadAssembly (154ms)
		ExecutionOrderSort (0ms)
		DisableScriptedObjects (0ms)
		BackupInstance (0ms)
		ReleaseScriptingObjects (0ms)
		CreateAndSetChildDomain (1ms)
	RebuildCommonClasses (50ms)
	RebuildNativeTypeToScriptingClass (14ms)
	initialDomainReloadingComplete (94ms)
	LoadAllAssembliesAndSetupDomain (211ms)
		LoadAssemblies (151ms)
		RebuildTransferFunctionScriptingTraits (0ms)
		AnalyzeDomain (207ms)
			TypeCache.Refresh (205ms)
				TypeCache.ScanAssembly (187ms)
			ScanForSourceGeneratedMonoScriptInfo (0ms)
			ResolveRequiredComponents (1ms)
	FinalizeReload (858ms)
		ReleaseScriptCaches (0ms)
		RebuildScriptCaches (0ms)
		SetupLoadedEditorAssemblies (781ms)
			LogAssemblyErrors (0ms)
			InitializePlatformSupportModulesInManaged (560ms)
			SetLoadedEditorAssemblies (5ms)
			RefreshPlugins (0ms)
			BeforeProcessingInitializeOnLoad (2ms)
			ProcessInitializeOnLoadAttributes (149ms)
			ProcessInitializeOnLoadMethodAttributes (64ms)
			AfterProcessingInitializeOnLoad (0ms)
			EditorAssembliesLoaded (0ms)
		ExecutionOrderSort2 (0ms)
		AwakeInstancesAfterBackupRestoration (0ms)
========================================================================
Worker process is ready to serve import requests
Begin MonoManager ReloadAssembly
- Loaded All Assemblies, in  1.102 seconds
Refreshing native plugins compatible for Editor in 7.39 ms, found 3 plugins.
Native extension for UWP target not found
Native extension for WindowsStandalone target not found
Native extension for Android target not found
Native extension for WebGL target not found
Package Manager log level set to [2]
[Package Manager] Server::EnsureServerProcessIsRunning -- launch failed, reason: Unity was launched with the -noUpm command-line argument
[Package Manager] UpmClient::Send -- Unable to send message (not connected to UPM process).
[Package Manager] Cannot connect to Unity Package Manager local server
Mono: successfully reloaded assembly
- Finished resetting the current domain, in  0.886 seconds
Domain Reload Profiling: 1981ms
	BeginReloadAssembly (220ms)
		ExecutionOrderSort (0ms)
		DisableScriptedObjects (11ms)
		BackupInstance (0ms)
		ReleaseScriptingObjects (0ms)
		CreateAndSetChildDomain (29ms)
	RebuildCommonClasses (47ms)
	RebuildNativeTypeToScriptingClass (16ms)
	initialDomainReloadingComplete (77ms)
	LoadAllAssembliesAndSetupDomain (735ms)
		LoadAssemblies (525ms)
		RebuildTransferFunctionScriptingTraits (0ms)
		AnalyzeDomain (339ms)
			TypeCache.Refresh (289ms)
				TypeCache.ScanAssembly (251ms)
			ScanForSourceGeneratedMonoScriptInfo (26ms)
			ResolveRequiredComponents (22ms)
	FinalizeReload (886ms)
		ReleaseScriptCaches (0ms)
		RebuildScriptCaches (0ms)
		SetupLoadedEditorAssemblies (641ms)
			LogAssemblyErrors (0ms)
			InitializePlatformSupportModulesInManaged (43ms)
			SetLoadedEditorAssemblies (5ms)
			RefreshPlugins (0ms)
			BeforeProcessingInitializeOnLoad (90ms)
			ProcessInitializeOnLoadAttributes (458ms)
			ProcessInitializeOnLoadMethodAttributes (30ms)
			AfterProcessingInitializeOnLoad (14ms)
			EditorAssembliesLoaded (0ms)
		ExecutionOrderSort2 (0ms)
		AwakeInstancesAfterBackupRestoration (11ms)
Launched and connected shader compiler UnityShaderCompiler.exe after 0.10 seconds
Refreshing native plugins compatible for Editor in 6.25 ms, found 3 plugins.
Preloading 0 native plugins for Editor in 0.00 ms.
Unloading 3083 Unused Serialized files (Serialized files now loaded: 0)
Unloading 32 unused Assets / (57.2 KB). Loaded Objects now: 3547.
Memory consumption went from 127.2 MB to 127.2 MB.
Total: 4.229000 ms (FindLiveObjects: 0.276100 ms CreateObjectMapping: 0.286700 ms MarkObjects: 3.249000 ms  DeleteObjects: 0.415900 ms)

AssetImportParameters requested are different than current active one (requested -> active):
  custom:container-demuxer-ogg: 62fdf1f143b41e24485cea50d1cbac27 -> 
  custom:video-codec-MediaFoundation-h265: 746d11721c4dcdbdad8f713fa42b33f4 -> 
  custom:video-decoder-ogg-theora: a1e56fd34408186e4bbccfd4996cb3dc -> 
  custom:framework-win-MediaFoundation: 216162199b28c13a410421893ffa2e32 -> 
  custom:CustomObjectIndexerAttribute: 43b350a4d6e6d1791af0b5038c4bea17 -> 
  custom:container-demuxer-webm: 4f35f7cbe854078d1ac9338744f61a02 -> 
  custom:container-muxer-webm: aa71ff27fc2769a1b78a27578f13a17b -> 
  custom:video-decoder-webm-vp8: 9c59270c3fd7afecdb556c50c9e8de78 -> 
  custom:SearchIndexIgnoredProperties: e643bd26f0fe6173181afceb89e7c659 -> 
  custom:AudioImporter_EditorPlatform: d09bf68614088b80899f8185d706f6e7 -> 
  custom:video-encoder-webm-vp8: eb34c28f22e8b96e1ab97ce403110664 -> 
  custom:audio-decoder-ogg-vorbis: bf7c407c2cedff20999df2af8eb42d56 -> 
  custom:audio-encoder-webm-vorbis: bf7c407c2cedff20999df2af8eb42d56 -> 
========================================================================
Received Import Request.
  Time since last request: 27398.519082 seconds.
  path: Assets/Lowpoly Forest Pack/Prefabs/Rock03.prefab
  artifactKey: Guid(eafc3ed33a697a4479cb6159bf405fed) Importer(815301076,1909f56bfc062723c751e8b465ee728b)
Start importing Assets/Lowpoly Forest Pack/Prefabs/Rock03.prefab using Guid(eafc3ed33a697a4479cb6159bf405fed) Importer(815301076,1909f56bfc062723c751e8b465ee728b)  -> (artifact id: '8abd7a296e524a493a13eb0438bdb795') in 0.320882 seconds
Number of updated asset objects reloaded before import = 0
Number of asset objects unloaded after import = 8
========================================================================
Received Import Request.
  Time since last request: 0.000032 seconds.
  path: Assets/Lowpoly Forest Pack/Prefabs/Tree02.prefab
  artifactKey: Guid(98791aa43884f864e8efd816a7841eac) Importer(815301076,1909f56bfc062723c751e8b465ee728b)
Start importing Assets/Lowpoly Forest Pack/Prefabs/Tree02.prefab using Guid(98791aa43884f864e8efd816a7841eac) Importer(815301076,1909f56bfc062723c751e8b465ee728b)  -> (artifact id: '28c42e3d55b823274bcef44e2429ef05') in 0.023615 seconds
Number of updated asset objects reloaded before import = 0
Number of asset objects unloaded after import = 16
========================================================================
Received Import Request.
  Time since last request: 0.000017 seconds.
  path: Assets/Lowpoly Forest Pack/Prefabs/Bush03.prefab
  artifactKey: Guid(d0a555f42830f0b4ea42031195259d2a) Importer(815301076,1909f56bfc062723c751e8b465ee728b)
Start importing Assets/Lowpoly Forest Pack/Prefabs/Bush03.prefab using Guid(d0a555f42830f0b4ea42031195259d2a) Importer(815301076,1909f56bfc062723c751e8b465ee728b)  -> (artifact id: '42c4e0e1d7be1d998e03eda018551ec7') in 0.017847 seconds
Number of updated asset objects reloaded before import = 0
Number of asset objects unloaded after import = 8
========================================================================
Received Import Request.
  Time since last request: 0.000015 seconds.
  path: Assets/Lowpoly Forest Pack/Prefabs/Tree03.prefab
  artifactKey: Guid(a95f4c541fb4d8242a4b693503adb360) Importer(815301076,1909f56bfc062723c751e8b465ee728b)
Start importing Assets/Lowpoly Forest Pack/Prefabs/Tree03.prefab using Guid(a95f4c541fb4d8242a4b693503adb360) Importer(815301076,1909f56bfc062723c751e8b465ee728b)  -> (artifact id: '7b4e3fb88249764ab6f471eb986a6284') in 0.017013 seconds
Number of updated asset objects reloaded before import = 0
Number of asset objects unloaded after import = 11
========================================================================
Received Import Request.
  Time since last request: 0.000015 seconds.
  path: Assets/Lowpoly Forest Pack/Prefabs/Mushroom01.prefab
  artifactKey: Guid(07c1cd67eb401c84e99a21fb60b216a1) Importer(815301076,1909f56bfc062723c751e8b465ee728b)
Start importing Assets/Lowpoly Forest Pack/Prefabs/Mushroom01.prefab using Guid(07c1cd67eb401c84e99a21fb60b216a1) Importer(815301076,1909f56bfc062723c751e8b465ee728b)  -> (artifact id: '0fd645d1c824a528bcd7cdf9ef301bb4') in 0.016289 seconds
Number of updated asset objects reloaded before import = 0
Number of asset objects unloaded after import = 11
========================================================================
Received Import Request.
  Time since last request: 0.000017 seconds.
  path: Assets/Lowpoly Forest Pack/Prefabs/Tree01.prefab
  artifactKey: Guid(30c6835c55f25574fb0de0175012fd4e) Importer(815301076,1909f56bfc062723c751e8b465ee728b)
Start importing Assets/Lowpoly Forest Pack/Prefabs/Tree01.prefab using Guid(30c6835c55f25574fb0de0175012fd4e) Importer(815301076,1909f56bfc062723c751e8b465ee728b)  -> (artifact id: 'f4306f0b4c4619baa49c7925c2a9d24d') in 0.015543 seconds
Number of updated asset objects reloaded before import = 0
Number of asset objects unloaded after import = 16
========================================================================
Received Import Request.
  Time since last request: 0.000018 seconds.
  path: Assets/Lowpoly Forest Pack/Prefabs/Tree05.prefab
  artifactKey: Guid(600491ce39e51af4e88e958fad3f21d1) Importer(815301076,1909f56bfc062723c751e8b465ee728b)
Start importing Assets/Lowpoly Forest Pack/Prefabs/Tree05.prefab using Guid(600491ce39e51af4e88e958fad3f21d1) Importer(815301076,1909f56bfc062723c751e8b465ee728b)  -> (artifact id: '6c63090e0258d8f59fec11d87d076f83') in 0.018450 seconds
Number of updated asset objects reloaded before import = 0
Number of asset objects unloaded after import = 22
========================================================================
Received Import Request.
  Time since last request: 0.154939 seconds.
  path: Assets/Lowpoly Forest Pack/Prefabs2D/2DBush02.prefab
  artifactKey: Guid(e9d7362be65e913408fb608168328de1) Importer(815301076,1909f56bfc062723c751e8b465ee728b)
Start importing Assets/Lowpoly Forest Pack/Prefabs2D/2DBush02.prefab using Guid(e9d7362be65e913408fb608168328de1) Importer(815301076,1909f56bfc062723c751e8b465ee728b)  -> (artifact id: '8c3c471cb8e8e55a62bb60a72548414d') in 0.173780 seconds
Number of updated asset objects reloaded before import = 0
Number of asset objects unloaded after import = 8
========================================================================
Received Import Request.
  Time since last request: 0.000019 seconds.
  path: Assets/Lowpoly Forest Pack/Prefabs2D/2DTree01.prefab
  artifactKey: Guid(a56b11080fc8b2f44a26426d0af0c4c6) Importer(815301076,1909f56bfc062723c751e8b465ee728b)
Start importing Assets/Lowpoly Forest Pack/Prefabs2D/2DTree01.prefab using Guid(a56b11080fc8b2f44a26426d0af0c4c6) Importer(815301076,1909f56bfc062723c751e8b465ee728b)  -> (artifact id: 'c2d0dbfeacbced65afa46df1be3ce604') in 0.013569 seconds
Number of updated asset objects reloaded before import = 0
Number of asset objects unloaded after import = 8
========================================================================
Received Import Request.
  Time since last request: 0.000070 seconds.
  path: Assets/Lowpoly Forest Pack/Prefabs2D/2DTree05.prefab
  artifactKey: Guid(a861a6060338e6146b01c685075137f9) Importer(815301076,1909f56bfc062723c751e8b465ee728b)
Start importing Assets/Lowpoly Forest Pack/Prefabs2D/2DTree05.prefab using Guid(a861a6060338e6146b01c685075137f9) Importer(815301076,1909f56bfc062723c751e8b465ee728b)  -> (artifact id: '0cc6d0dfc1850a4213935e92c7b5e712') in 0.010826 seconds
Number of updated asset objects reloaded before import = 0
Number of asset objects unloaded after import = 8
========================================================================
Received Import Request.
  Time since last request: 0.000015 seconds.
  path: Assets/Lowpoly Forest Pack/Prefabs2D/2DMushroom01.prefab
  artifactKey: Guid(8a294d2947dd5174b86a37d2ba179b19) Importer(815301076,1909f56bfc062723c751e8b465ee728b)
Start importing Assets/Lowpoly Forest Pack/Prefabs2D/2DMushroom01.prefab using Guid(8a294d2947dd5174b86a37d2ba179b19) Importer(815301076,1909f56bfc062723c751e8b465ee728b)  -> (artifact id: 'b8bbe4297f1343db54128c3547978222') in 0.017422 seconds
Number of updated asset objects reloaded before import = 0
Number of asset objects unloaded after import = 8
========================================================================
Received Import Request.
  Time since last request: 0.000028 seconds.
  path: Assets/Lowpoly Forest Pack/Prefabs2D/2DTree06.prefab
  artifactKey: Guid(04edb9089a205bc49a43fdef24614024) Importer(815301076,1909f56bfc062723c751e8b465ee728b)
Start importing Assets/Lowpoly Forest Pack/Prefabs2D/2DTree06.prefab using Guid(04edb9089a205bc49a43fdef24614024) Importer(815301076,1909f56bfc062723c751e8b465ee728b)  -> (artifact id: '292fa04d37ad1a6e8dc501101e2f6c2c') in 0.011645 seconds
Number of updated asset objects reloaded before import = 0
Number of asset objects unloaded after import = 8
========================================================================
Received Import Request.
  Time since last request: 0.000021 seconds.
  path: Assets/Lowpoly Forest Pack/Prefabs2D/2DBush03.prefab
  artifactKey: Guid(afc8e879670960b4a8472404bd8f50b7) Importer(815301076,1909f56bfc062723c751e8b465ee728b)
Start importing Assets/Lowpoly Forest Pack/Prefabs2D/2DBush03.prefab using Guid(afc8e879670960b4a8472404bd8f50b7) Importer(815301076,1909f56bfc062723c751e8b465ee728b)  -> (artifact id: 'e1706e6825ae1f69073dec1ef7d2f6fd') in 0.013099 seconds
Number of updated asset objects reloaded before import = 0
Number of asset objects unloaded after import = 8
========================================================================
Received Import Request.
  Time since last request: 5.128075 seconds.
  path: Assets/Lowpoly Forest Pack/Sources/Meshes/Bush03.fbx
  artifactKey: Guid(f807db4fe67e2574f94d5785485b6454) Importer(815301076,1909f56bfc062723c751e8b465ee728b)
Start importing Assets/Lowpoly Forest Pack/Sources/Meshes/Bush03.fbx using Guid(f807db4fe67e2574f94d5785485b6454) Importer(815301076,1909f56bfc062723c751e8b465ee728b)  -> (artifact id: 'c03b6183f1dba6dc00f27042f95aaa38') in 0.358316 seconds
Number of updated asset objects reloaded before import = 0
Number of asset objects unloaded after import = 8
========================================================================
Received Import Request.
  Time since last request: 0.000035 seconds.
  path: Assets/Lowpoly Forest Pack/Sources/Meshes/Rock02.fbx
  artifactKey: Guid(5b94cc4f0f846364096ba84fbee724ca) Importer(815301076,1909f56bfc062723c751e8b465ee728b)
Start importing Assets/Lowpoly Forest Pack/Sources/Meshes/Rock02.fbx using Guid(5b94cc4f0f846364096ba84fbee724ca) Importer(815301076,1909f56bfc062723c751e8b465ee728b)  -> (artifact id: '90a553521c447ea6ed55d1f1ab5cd514') in 0.021597 seconds
Number of updated asset objects reloaded before import = 0
Number of asset objects unloaded after import = 8
========================================================================
Received Import Request.
  Time since last request: 0.000038 seconds.
  path: Assets/Lowpoly Forest Pack/Sources/Meshes/Tree05.fbx
  artifactKey: Guid(07358e1fb79dc0d4ca1ca57365d9cd8f) Importer(815301076,1909f56bfc062723c751e8b465ee728b)
Start importing Assets/Lowpoly Forest Pack/Sources/Meshes/Tree05.fbx using Guid(07358e1fb79dc0d4ca1ca57365d9cd8f) Importer(815301076,1909f56bfc062723c751e8b465ee728b)  -> (artifact id: '759ca8f6661f5d04522ab666e7200622') in 0.051753 seconds
Number of updated asset objects reloaded before import = 0
Number of asset objects unloaded after import = 22
========================================================================
Received Import Request.
  Time since last request: 0.000017 seconds.
  path: Assets/Lowpoly Forest Pack/Sources/Meshes/Rock03.fbx
  artifactKey: Guid(81c5e0f540fb92b4fbe826e845f9f96b) Importer(815301076,1909f56bfc062723c751e8b465ee728b)
Start importing Assets/Lowpoly Forest Pack/Sources/Meshes/Rock03.fbx using Guid(81c5e0f540fb92b4fbe826e845f9f96b) Importer(815301076,1909f56bfc062723c751e8b465ee728b)  -> (artifact id: '2e4a3d5fecea8fd62539a2cfcda0e557') in 0.018826 seconds
Number of updated asset objects reloaded before import = 0
Number of asset objects unloaded after import = 8
========================================================================
Received Import Request.
  Time since last request: 0.000020 seconds.
  path: Assets/Lowpoly Forest Pack/Sources/Meshes/Rock01.fbx
  artifactKey: Guid(2ded9ddf31b7053419de74bc81790edc) Importer(815301076,1909f56bfc062723c751e8b465ee728b)
Start importing Assets/Lowpoly Forest Pack/Sources/Meshes/Rock01.fbx using Guid(2ded9ddf31b7053419de74bc81790edc) Importer(815301076,1909f56bfc062723c751e8b465ee728b)  -> (artifact id: '879986ad670ab00f0c2e08431eaa1fa6') in 0.024418 seconds
Number of updated asset objects reloaded before import = 0
Number of asset objects unloaded after import = 8
========================================================================
Received Import Request.
  Time since last request: 0.000019 seconds.
  path: Assets/Lowpoly Forest Pack/Sources/Meshes/Tree06.fbx
  artifactKey: Guid(02af499709338f0408fa959ab1d2303f) Importer(815301076,1909f56bfc062723c751e8b465ee728b)
Start importing Assets/Lowpoly Forest Pack/Sources/Meshes/Tree06.fbx using Guid(02af499709338f0408fa959ab1d2303f) Importer(815301076,1909f56bfc062723c751e8b465ee728b)  -> (artifact id: '598a583b836e883825dfbdccc9471f9d') in 0.021278 seconds
Number of updated asset objects reloaded before import = 0
Number of asset objects unloaded after import = 8
========================================================================
Received Import Request.
  Time since last request: 0.000019 seconds.
  path: Assets/Lowpoly Forest Pack/Sources/Meshes/Tree01.fbx
  artifactKey: Guid(63ca5e5d9912a544492c3c168faec5b2) Importer(815301076,1909f56bfc062723c751e8b465ee728b)
Start importing Assets/Lowpoly Forest Pack/Sources/Meshes/Tree01.fbx using Guid(63ca5e5d9912a544492c3c168faec5b2) Importer(815301076,1909f56bfc062723c751e8b465ee728b)  -> (artifact id: 'aede10eb3d5bb976aed63ef03d890897') in 0.034014 seconds
Number of updated asset objects reloaded before import = 0
Number of asset objects unloaded after import = 16
========================================================================
Received Import Request.
  Time since last request: 0.490322 seconds.
  path: Assets/Lowpoly Forest Pack/Sources/Materials/MatLeaves01.mat
  artifactKey: Guid(72bd0dc902d705245bab13f791ce78ed) Importer(815301076,1909f56bfc062723c751e8b465ee728b)
Start importing Assets/Lowpoly Forest Pack/Sources/Materials/MatLeaves01.mat using Guid(72bd0dc902d705245bab13f791ce78ed) Importer(815301076,1909f56bfc062723c751e8b465ee728b)  -> (artifact id: 'aeffba769eee9345dd90bf24b72e8f7d') in 0.034723 seconds
Number of updated asset objects reloaded before import = 0
Number of asset objects unloaded after import = 1
========================================================================
Received Import Request.
  Time since last request: 0.000017 seconds.
  path: Assets/Lowpoly Forest Pack/Sources/Materials/MatLeaves04b.mat
  artifactKey: Guid(a11381a1003192345bc1146fefd909ea) Importer(815301076,1909f56bfc062723c751e8b465ee728b)
Start importing Assets/Lowpoly Forest Pack/Sources/Materials/MatLeaves04b.mat using Guid(a11381a1003192345bc1146fefd909ea) Importer(815301076,1909f56bfc062723c751e8b465ee728b)  -> (artifact id: 'd73cd946717e2ff7213334f9cb140ffa') in 0.016446 seconds
Number of updated asset objects reloaded before import = 0
Number of asset objects unloaded after import = 1
========================================================================
Received Import Request.
  Time since last request: 0.000038 seconds.
  path: Assets/Lowpoly Forest Pack/Sources/Materials/MatMushroom02.mat
  artifactKey: Guid(01e084232e0d3d1408af6f606d554ed0) Importer(815301076,1909f56bfc062723c751e8b465ee728b)
Start importing Assets/Lowpoly Forest Pack/Sources/Materials/MatMushroom02.mat using Guid(01e084232e0d3d1408af6f606d554ed0) Importer(815301076,1909f56bfc062723c751e8b465ee728b)  -> (artifact id: 'debba632ed9a69233d91c29791cca572') in 0.017280 seconds
Number of updated asset objects reloaded before import = 0
Number of asset objects unloaded after import = 1
========================================================================
Received Import Request.
  Time since last request: 0.000160 seconds.
  path: Assets/Lowpoly Forest Pack/Sources/Materials/MatLeaves05a.mat
  artifactKey: Guid(4abf611b5863da54699ede45d0c1ce75) Importer(815301076,1909f56bfc062723c751e8b465ee728b)
Start importing Assets/Lowpoly Forest Pack/Sources/Materials/MatLeaves05a.mat using Guid(4abf611b5863da54699ede45d0c1ce75) Importer(815301076,1909f56bfc062723c751e8b465ee728b)  -> (artifact id: 'b97127a8923a5f43147da03bb2d1202d') in 0.017049 seconds
Number of updated asset objects reloaded before import = 0
Number of asset objects unloaded after import = 1
========================================================================
Received Import Request.
  Time since last request: 0.000183 seconds.
  path: Assets/Lowpoly Forest Pack/Sources/Materials/MatTrunk03.mat
  artifactKey: Guid(c879e9295880d7d4fb911aed2e739b91) Importer(815301076,1909f56bfc062723c751e8b465ee728b)
Start importing Assets/Lowpoly Forest Pack/Sources/Materials/MatTrunk03.mat using Guid(c879e9295880d7d4fb911aed2e739b91) Importer(815301076,1909f56bfc062723c751e8b465ee728b)  -> (artifact id: 'fbbbedae360e71e424cc0a47cc82ebe0') in 0.016877 seconds
Number of updated asset objects reloaded before import = 0
Number of asset objects unloaded after import = 1
Editor requested this worker to shutdown with reason: Scaling down because of idle timeout
TcpMessagingSession - receive error: operation aborted. errorcode: 995, details: Bir iþ parçacýðý çýkýþý veya bir uygulama isteði nedeniyle G/Ç iþlemi iptal edildi.
AssetImportWorker is now disconnected from the server
Process exiting
Exiting without the bug reporter. Application will terminate with return code 0