Using pre-set license
Built from '2022.3/staging' branch; Version is '2022.3.15f1 (b58023a2b463) revision 11894819'; Using compiler version '192829333'; Build Type 'Release'
OS: 'Windows 11  (10.0.22631) 64bit CoreSingleLanguage' Language: 'tr' Physical Memory: 16241 MB
BatchMode: 1, IsHumanControllingUs: 0, StartBugReporterOnCrash: 0, Is64bit: 1, IsPro: 1

COMMAND LINE ARGUMENTS:
C:\Program Files\Unity\Hub\Editor\2022.3.15f1\Editor\Unity.exe
-adb2
-batchMode
-noUpm
-name
AssetImportWorker0
-projectPath
C:/Users/semih/OneDrive/Masaüstü/SimpleUnityProjects/secondProject
-logFile
Logs/AssetImportWorker0.log
-srvPort
62990
Successfully changed project path to: C:/Users/semih/OneDrive/Masaüstü/SimpleUnityProjects/secondProject
C:/Users/semih/OneDrive/Masaüstü/SimpleUnityProjects/secondProject
[UnityMemory] Configuration Parameters - Can be set up in boot.config
    "memorysetup-bucket-allocator-granularity=16"
    "memorysetup-bucket-allocator-bucket-count=8"
    "memorysetup-bucket-allocator-block-size=33554432"
    "memorysetup-bucket-allocator-block-count=8"
    "memorysetup-main-allocator-block-size=16777216"
    "memorysetup-thread-allocator-block-size=16777216"
    "memorysetup-gfx-main-allocator-block-size=16777216"
    "memorysetup-gfx-thread-allocator-block-size=16777216"
    "memorysetup-cache-allocator-block-size=4194304"
    "memorysetup-typetree-allocator-block-size=2097152"
    "memorysetup-profiler-bucket-allocator-granularity=16"
    "memorysetup-profiler-bucket-allocator-bucket-count=8"
    "memorysetup-profiler-bucket-allocator-block-size=33554432"
    "memorysetup-profiler-bucket-allocator-block-count=8"
    "memorysetup-profiler-allocator-block-size=16777216"
    "memorysetup-profiler-editor-allocator-block-size=1048576"
    "memorysetup-temp-allocator-size-main=16777216"
    "memorysetup-job-temp-allocator-block-size=2097152"
    "memorysetup-job-temp-allocator-block-size-background=1048576"
    "memorysetup-job-temp-allocator-reduction-small-platforms=262144"
    "memorysetup-allocator-temp-initial-block-size-main=262144"
    "memorysetup-allocator-temp-initial-block-size-worker=262144"
    "memorysetup-temp-allocator-size-background-worker=32768"
    "memorysetup-temp-allocator-size-job-worker=262144"
    "memorysetup-temp-allocator-size-preload-manager=33554432"
    "memorysetup-temp-allocator-size-nav-mesh-worker=65536"
    "memorysetup-temp-allocator-size-audio-worker=65536"
    "memorysetup-temp-allocator-size-cloud-worker=32768"
    "memorysetup-temp-allocator-size-gi-baking-worker=262144"
    "memorysetup-temp-allocator-size-gfx=262144"
Player connection [18660] Host "[IP] 192.168.0.110 [Port] 0 [Flags] 2 [Guid] 1661296795 [EditorId] 1661296795 [Version] 1048832 [Id] WindowsEditor(7,MSB) [Debug] 1 [PackageName] WindowsEditor [ProjectName] Editor" joined multi-casting on [225.0.0.222:54997]...

Player connection [18660] Host "[IP] 192.168.0.110 [Port] 0 [Flags] 2 [Guid] 1661296795 [EditorId] 1661296795 [Version] 1048832 [Id] WindowsEditor(7,MSB) [Debug] 1 [PackageName] WindowsEditor [ProjectName] Editor" joined alternative multi-casting on [225.0.0.222:34997]...

[Physics::Module] Initialized MultithreadedJobDispatcher with 11 workers.
Refreshing native plugins compatible for Editor in 27.06 ms, found 3 plugins.
Preloading 0 native plugins for Editor in 0.00 ms.
Initialize engine version: 2022.3.15f1 (b58023a2b463)
[Subsystems] Discovering subsystems at path C:/Program Files/Unity/Hub/Editor/2022.3.15f1/Editor/Data/Resources/UnitySubsystems
[Subsystems] Discovering subsystems at path C:/Users/semih/OneDrive/Masaüstü/SimpleUnityProjects/secondProject/Assets
GfxDevice: creating device client; threaded=0; jobified=0
Direct3D:
    Version:  Direct3D 11.0 [level 11.1]
    Renderer: NVIDIA GeForce GTX 1650 (ID=0x1f91)
    Vendor:   NVIDIA
    VRAM:     3950 MB
    Driver:   31.0.15.4633
Initialize mono
Mono path[0] = 'C:/Program Files/Unity/Hub/Editor/2022.3.15f1/Editor/Data/Managed'
Mono path[1] = 'C:/Program Files/Unity/Hub/Editor/2022.3.15f1/Editor/Data/MonoBleedingEdge/lib/mono/unityjit-win32'
Mono config path = 'C:/Program Files/Unity/Hub/Editor/2022.3.15f1/Editor/Data/MonoBleedingEdge/etc'
Using monoOptions --debugger-agent=transport=dt_socket,embedding=1,server=y,suspend=n,address=127.0.0.1:56772
Begin MonoManager ReloadAssembly
Registering precompiled unity dll's ...
Register platform support module: C:/Program Files/Unity/Hub/Editor/2022.3.15f1/Editor/Data/PlaybackEngines/WebGLSupport/UnityEditor.WebGL.Extensions.dll
Register platform support module: C:/Program Files/Unity/Hub/Editor/2022.3.15f1/Editor/Data/PlaybackEngines/AndroidPlayer/UnityEditor.Android.Extensions.dll
Register platform support module: C:/Program Files/Unity/Hub/Editor/2022.3.15f1/Editor/Data/PlaybackEngines/WindowsStandaloneSupport/UnityEditor.WindowsStandalone.Extensions.dll
Register platform support module: C:/Program Files/Unity/Hub/Editor/2022.3.15f1/Editor/Data/PlaybackEngines/MetroSupport/UnityEditor.UWP.Extensions.dll
Registered in 0.040474 seconds.
- Loaded All Assemblies, in  0.903 seconds
Native extension for UWP target not found
Native extension for WindowsStandalone target not found
Native extension for Android target not found
Android Extension - Scanning For ADB Devices 584 ms
Native extension for WebGL target not found
Mono: successfully reloaded assembly
- Finished resetting the current domain, in  1.367 seconds
Domain Reload Profiling: 2265ms
	BeginReloadAssembly (274ms)
		ExecutionOrderSort (0ms)
		DisableScriptedObjects (0ms)
		BackupInstance (0ms)
		ReleaseScriptingObjects (0ms)
		CreateAndSetChildDomain (1ms)
	RebuildCommonClasses (73ms)
	RebuildNativeTypeToScriptingClass (27ms)
	initialDomainReloadingComplete (170ms)
	LoadAllAssembliesAndSetupDomain (353ms)
		LoadAssemblies (268ms)
		RebuildTransferFunctionScriptingTraits (0ms)
		AnalyzeDomain (347ms)
			TypeCache.Refresh (344ms)
				TypeCache.ScanAssembly (317ms)
			ScanForSourceGeneratedMonoScriptInfo (0ms)
			ResolveRequiredComponents (1ms)
	FinalizeReload (1368ms)
		ReleaseScriptCaches (0ms)
		RebuildScriptCaches (0ms)
		SetupLoadedEditorAssemblies (1237ms)
			LogAssemblyErrors (0ms)
			InitializePlatformSupportModulesInManaged (861ms)
			SetLoadedEditorAssemblies (8ms)
			RefreshPlugins (0ms)
			BeforeProcessingInitializeOnLoad (4ms)
			ProcessInitializeOnLoadAttributes (266ms)
			ProcessInitializeOnLoadMethodAttributes (97ms)
			AfterProcessingInitializeOnLoad (0ms)
			EditorAssembliesLoaded (0ms)
		ExecutionOrderSort2 (0ms)
		AwakeInstancesAfterBackupRestoration (0ms)
========================================================================
Worker process is ready to serve import requests
Begin MonoManager ReloadAssembly
- Loaded All Assemblies, in  1.411 seconds
Refreshing native plugins compatible for Editor in 8.10 ms, found 3 plugins.
Native extension for UWP target not found
Native extension for WindowsStandalone target not found
Native extension for Android target not found
Native extension for WebGL target not found
Package Manager log level set to [2]
[Package Manager] Server::EnsureServerProcessIsRunning -- launch failed, reason: Unity was launched with the -noUpm command-line argument
[Package Manager] UpmClient::Send -- Unable to send message (not connected to UPM process).
[Package Manager] Cannot connect to Unity Package Manager local server
Mono: successfully reloaded assembly
- Finished resetting the current domain, in  1.295 seconds
Domain Reload Profiling: 2698ms
	BeginReloadAssembly (322ms)
		ExecutionOrderSort (0ms)
		DisableScriptedObjects (13ms)
		BackupInstance (0ms)
		ReleaseScriptingObjects (0ms)
		CreateAndSetChildDomain (41ms)
	RebuildCommonClasses (75ms)
	RebuildNativeTypeToScriptingClass (22ms)
	initialDomainReloadingComplete (100ms)
	LoadAllAssembliesAndSetupDomain (883ms)
		LoadAssemblies (691ms)
		RebuildTransferFunctionScriptingTraits (0ms)
		AnalyzeDomain (384ms)
			TypeCache.Refresh (341ms)
				TypeCache.ScanAssembly (310ms)
			ScanForSourceGeneratedMonoScriptInfo (32ms)
			ResolveRequiredComponents (8ms)
	FinalizeReload (1296ms)
		ReleaseScriptCaches (0ms)
		RebuildScriptCaches (0ms)
		SetupLoadedEditorAssemblies (959ms)
			LogAssemblyErrors (0ms)
			InitializePlatformSupportModulesInManaged (62ms)
			SetLoadedEditorAssemblies (10ms)
			RefreshPlugins (0ms)
			BeforeProcessingInitializeOnLoad (138ms)
			ProcessInitializeOnLoadAttributes (687ms)
			ProcessInitializeOnLoadMethodAttributes (41ms)
			AfterProcessingInitializeOnLoad (21ms)
			EditorAssembliesLoaded (0ms)
		ExecutionOrderSort2 (0ms)
		AwakeInstancesAfterBackupRestoration (15ms)
Launched and connected shader compiler UnityShaderCompiler.exe after 0.11 seconds
Refreshing native plugins compatible for Editor in 11.81 ms, found 3 plugins.
Preloading 0 native plugins for Editor in 0.00 ms.
Unloading 3083 Unused Serialized files (Serialized files now loaded: 0)
Unloading 32 unused Assets / (56.9 KB). Loaded Objects now: 3547.
Memory consumption went from 127.2 MB to 127.2 MB.
Total: 6.859600 ms (FindLiveObjects: 0.315800 ms CreateObjectMapping: 0.474900 ms MarkObjects: 5.897600 ms  DeleteObjects: 0.150400 ms)

AssetImportParameters requested are different than current active one (requested -> active):
  custom:container-demuxer-ogg: 62fdf1f143b41e24485cea50d1cbac27 -> 
  custom:video-codec-MediaFoundation-h265: 746d11721c4dcdbdad8f713fa42b33f4 -> 
  custom:video-decoder-ogg-theora: a1e56fd34408186e4bbccfd4996cb3dc -> 
  custom:framework-win-MediaFoundation: 216162199b28c13a410421893ffa2e32 -> 
  custom:CustomObjectIndexerAttribute: 43b350a4d6e6d1791af0b5038c4bea17 -> 
  custom:container-demuxer-webm: 4f35f7cbe854078d1ac9338744f61a02 -> 
  custom:container-muxer-webm: aa71ff27fc2769a1b78a27578f13a17b -> 
  custom:video-decoder-webm-vp8: 9c59270c3fd7afecdb556c50c9e8de78 -> 
  custom:SearchIndexIgnoredProperties: e643bd26f0fe6173181afceb89e7c659 -> 
  custom:AudioImporter_EditorPlatform: d09bf68614088b80899f8185d706f6e7 -> 
  custom:video-encoder-webm-vp8: eb34c28f22e8b96e1ab97ce403110664 -> 
  custom:audio-decoder-ogg-vorbis: bf7c407c2cedff20999df2af8eb42d56 -> 
  custom:audio-encoder-webm-vorbis: bf7c407c2cedff20999df2af8eb42d56 -> 
========================================================================
Received Import Request.
  Time since last request: 330759.636716 seconds.
  path: Assets/Scenes/SampleScene.unity
  artifactKey: Guid(9fc0d4010bbf28b4594072e72b8655ab) Importer(2089858483,0ecaa5967403d082aa24f35e1b516d23)
Start importing Assets/Scenes/SampleScene.unity using Guid(9fc0d4010bbf28b4594072e72b8655ab) Importer(2089858483,0ecaa5967403d082aa24f35e1b516d23) Generated GUIDs only implemented for interfaces!
 -> (artifact id: 'ec95b42cf58a2c664acbd11cdb959534') in 0.171413 seconds
Number of updated asset objects reloaded before import = 0
Number of asset objects unloaded after import = 1
========================================================================
Received Import Request.
  Time since last request: 323.276239 seconds.
  path: Assets
  artifactKey: Guid(00000000000000001000000000000000) Importer(815301076,1909f56bfc062723c751e8b465ee728b)
Start importing Assets using Guid(00000000000000001000000000000000) Importer(815301076,1909f56bfc062723c751e8b465ee728b)  -> (artifact id: '8a4fe85251aa2e89732c359432baa2c3') in 0.001134 seconds
Number of updated asset objects reloaded before import = 0
Number of asset objects unloaded after import = 0
========================================================================
Received Import Request.
  Time since last request: 3.573665 seconds.
  path: Assets/Scripts
  artifactKey: Guid(813a90dbcc4c2cd4baccbd5b510c3164) Importer(815301076,1909f56bfc062723c751e8b465ee728b)
Start importing Assets/Scripts using Guid(813a90dbcc4c2cd4baccbd5b510c3164) Importer(815301076,1909f56bfc062723c751e8b465ee728b)  -> (artifact id: '16607ed0482cc7f33f1b347c27dfc8aa') in 0.000758 seconds
Number of updated asset objects reloaded before import = 0
Number of asset objects unloaded after import = 0
========================================================================
Received Import Request.
  Time since last request: 0.915630 seconds.
  path: Assets/Scripts
  artifactKey: Guid(813a90dbcc4c2cd4baccbd5b510c3164) Importer(2089858483,0ecaa5967403d082aa24f35e1b516d23)
Start importing Assets/Scripts using Guid(813a90dbcc4c2cd4baccbd5b510c3164) Importer(2089858483,0ecaa5967403d082aa24f35e1b516d23) Generated GUIDs only implemented for interfaces!
 -> (artifact id: '3eaa1dbe49ba6755c7a2802046833d7e') in 0.016668 seconds
Number of updated asset objects reloaded before import = 0
Number of asset objects unloaded after import = 1
========================================================================
Received Import Request.
  Time since last request: 10.071505 seconds.
  path: Assets/Scripts/HelloWorld.cs
  artifactKey: Guid(f9237b6b2cec7c141aacd9e84d43da61) Importer(815301076,1909f56bfc062723c751e8b465ee728b)
Start importing Assets/Scripts/HelloWorld.cs using Guid(f9237b6b2cec7c141aacd9e84d43da61) Importer(815301076,1909f56bfc062723c751e8b465ee728b)  -> (artifact id: 'bde3c7db103e5fcec277a13671822775') in 0.001106 seconds
Number of updated asset objects reloaded before import = 0
Number of asset objects unloaded after import = 0
========================================================================
Received Import Request.
  Time since last request: 0.369351 seconds.
  path: Assets/Scripts/HelloWorld.cs
  artifactKey: Guid(f9237b6b2cec7c141aacd9e84d43da61) Importer(2089858483,0ecaa5967403d082aa24f35e1b516d23)
Start importing Assets/Scripts/HelloWorld.cs using Guid(f9237b6b2cec7c141aacd9e84d43da61) Importer(2089858483,0ecaa5967403d082aa24f35e1b516d23) Generated GUIDs only implemented for interfaces!
 -> (artifact id: '38f7a2a2c45d931a55f1c235c4636405') in 0.079456 seconds
Number of updated asset objects reloaded before import = 0
Number of asset objects unloaded after import = 1
========================================================================
Received Prepare
Begin MonoManager ReloadAssembly
- Loaded All Assemblies, in  1.200 seconds
Refreshing native plugins compatible for Editor in 9.91 ms, found 3 plugins.
Native extension for UWP target not found
Native extension for WindowsStandalone target not found
Native extension for Android target not found
Native extension for WebGL target not found
[Package Manager] Server::EnsureServerProcessIsRunning -- launch failed, reason: Unity was launched with the -noUpm command-line argument
[Package Manager] UpmClient::Send -- Unable to send message (not connected to UPM process).
[Package Manager] Cannot connect to Unity Package Manager local server
Mono: successfully reloaded assembly
- Finished resetting the current domain, in  1.982 seconds
Domain Reload Profiling: 3174ms
	BeginReloadAssembly (383ms)
		ExecutionOrderSort (0ms)
		DisableScriptedObjects (13ms)
		BackupInstance (0ms)
		ReleaseScriptingObjects (0ms)
		CreateAndSetChildDomain (92ms)
	RebuildCommonClasses (91ms)
	RebuildNativeTypeToScriptingClass (29ms)
	initialDomainReloadingComplete (80ms)
	LoadAllAssembliesAndSetupDomain (607ms)
		LoadAssemblies (762ms)
		RebuildTransferFunctionScriptingTraits (0ms)
		AnalyzeDomain (50ms)
			TypeCache.Refresh (18ms)
				TypeCache.ScanAssembly (0ms)
			ScanForSourceGeneratedMonoScriptInfo (21ms)
			ResolveRequiredComponents (10ms)
	FinalizeReload (1983ms)
		ReleaseScriptCaches (0ms)
		RebuildScriptCaches (0ms)
		SetupLoadedEditorAssemblies (899ms)
			LogAssemblyErrors (0ms)
			InitializePlatformSupportModulesInManaged (58ms)
			SetLoadedEditorAssemblies (9ms)
			RefreshPlugins (0ms)
			BeforeProcessingInitializeOnLoad (155ms)
			ProcessInitializeOnLoadAttributes (611ms)
			ProcessInitializeOnLoadMethodAttributes (40ms)
			AfterProcessingInitializeOnLoad (25ms)
			EditorAssembliesLoaded (0ms)
		ExecutionOrderSort2 (0ms)
		AwakeInstancesAfterBackupRestoration (19ms)
Refreshing native plugins compatible for Editor in 10.23 ms, found 3 plugins.
Preloading 0 native plugins for Editor in 0.00 ms.
Unloading 3075 Unused Serialized files (Serialized files now loaded: 0)
Unloading 23 unused Assets / (31.0 KB). Loaded Objects now: 3551.
Memory consumption went from 127.3 MB to 127.2 MB.
Total: 7.639200 ms (FindLiveObjects: 0.365400 ms CreateObjectMapping: 0.361600 ms MarkObjects: 6.826800 ms  DeleteObjects: 0.083600 ms)

Prepare: number of updated asset objects reloaded= 0
AssetImportParameters requested are different than current active one (requested -> active):
  custom:container-demuxer-ogg: 62fdf1f143b41e24485cea50d1cbac27 -> 
  custom:video-codec-MediaFoundation-h265: 746d11721c4dcdbdad8f713fa42b33f4 -> 
  custom:video-decoder-ogg-theora: a1e56fd34408186e4bbccfd4996cb3dc -> 
  custom:framework-win-MediaFoundation: 216162199b28c13a410421893ffa2e32 -> 
  custom:CustomObjectIndexerAttribute: 43b350a4d6e6d1791af0b5038c4bea17 -> 
  custom:container-demuxer-webm: 4f35f7cbe854078d1ac9338744f61a02 -> 
  custom:container-muxer-webm: aa71ff27fc2769a1b78a27578f13a17b -> 
  custom:video-decoder-webm-vp8: 9c59270c3fd7afecdb556c50c9e8de78 -> 
  custom:SearchIndexIgnoredProperties: e643bd26f0fe6173181afceb89e7c659 -> 
  custom:AudioImporter_EditorPlatform: d09bf68614088b80899f8185d706f6e7 -> 
  custom:video-encoder-webm-vp8: eb34c28f22e8b96e1ab97ce403110664 -> 
  custom:audio-decoder-ogg-vorbis: bf7c407c2cedff20999df2af8eb42d56 -> 
  custom:audio-encoder-webm-vorbis: bf7c407c2cedff20999df2af8eb42d56 -> 
========================================================================
Received Import Request.
  Time since last request: 13.989214 seconds.
  path: Assets/Scripts/HelloWorld.cs
  artifactKey: Guid(f9237b6b2cec7c141aacd9e84d43da61) Importer(815301076,1909f56bfc062723c751e8b465ee728b)
Start importing Assets/Scripts/HelloWorld.cs using Guid(f9237b6b2cec7c141aacd9e84d43da61) Importer(815301076,1909f56bfc062723c751e8b465ee728b)  -> (artifact id: '00000000000000000000000000000000') in 0.003286 seconds
Import Error Code:(4)
Message: Build asset version error: assets/scripts/helloworld.cs in SourceAssetDB has modification time of '2023-12-26T13:25:23.9672956Z' while content on disk has modification time of '2023-12-26T13:25:37.6192316Z'
  ERROR: Build asset version error: assets/scripts/helloworld.cs in SourceAssetDB has modification time of '2023-12-26T13:25:23.9672956Z' while content on disk has modification time of '2023-12-26T13:25:37.6192316Z'
Number of updated asset objects reloaded before import = 0
Number of asset objects unloaded after import = 0
========================================================================
Received Import Request.
  Time since last request: 0.095904 seconds.
  path: Assets/Scripts/HelloWorld.cs
  artifactKey: Guid(f9237b6b2cec7c141aacd9e84d43da61) Importer(815301076,1909f56bfc062723c751e8b465ee728b)
Start importing Assets/Scripts/HelloWorld.cs using Guid(f9237b6b2cec7c141aacd9e84d43da61) Importer(815301076,1909f56bfc062723c751e8b465ee728b)  -> (artifact id: '00000000000000000000000000000000') in 0.000710 seconds
Import Error Code:(4)
Message: Build asset version error: assets/scripts/helloworld.cs in SourceAssetDB has modification time of '2023-12-26T13:25:23.9672956Z' while content on disk has modification time of '2023-12-26T13:25:37.6192316Z'
  ERROR: Build asset version error: assets/scripts/helloworld.cs in SourceAssetDB has modification time of '2023-12-26T13:25:23.9672956Z' while content on disk has modification time of '2023-12-26T13:25:37.6192316Z'
Number of updated asset objects reloaded before import = 0
Number of asset objects unloaded after import = 0
========================================================================
Received Import Request.
  Time since last request: 0.098335 seconds.
  path: Assets/Scripts/HelloWorld.cs
  artifactKey: Guid(f9237b6b2cec7c141aacd9e84d43da61) Importer(815301076,1909f56bfc062723c751e8b465ee728b)
Start importing Assets/Scripts/HelloWorld.cs using Guid(f9237b6b2cec7c141aacd9e84d43da61) Importer(815301076,1909f56bfc062723c751e8b465ee728b)  -> (artifact id: '00000000000000000000000000000000') in 0.000781 seconds
Import Error Code:(4)
Message: Build asset version error: assets/scripts/helloworld.cs in SourceAssetDB has modification time of '2023-12-26T13:25:23.9672956Z' while content on disk has modification time of '2023-12-26T13:25:37.6192316Z'
  ERROR: Build asset version error: assets/scripts/helloworld.cs in SourceAssetDB has modification time of '2023-12-26T13:25:23.9672956Z' while content on disk has modification time of '2023-12-26T13:25:37.6192316Z'
Number of updated asset objects reloaded before import = 0
Number of asset objects unloaded after import = 0
========================================================================
Received Import Request.
  Time since last request: 0.100209 seconds.
  path: Assets/Scripts/HelloWorld.cs
  artifactKey: Guid(f9237b6b2cec7c141aacd9e84d43da61) Importer(815301076,1909f56bfc062723c751e8b465ee728b)
Start importing Assets/Scripts/HelloWorld.cs using Guid(f9237b6b2cec7c141aacd9e84d43da61) Importer(815301076,1909f56bfc062723c751e8b465ee728b)  -> (artifact id: '00000000000000000000000000000000') in 0.001192 seconds
Import Error Code:(4)
Message: Build asset version error: assets/scripts/helloworld.cs in SourceAssetDB has modification time of '2023-12-26T13:25:23.9672956Z' while content on disk has modification time of '2023-12-26T13:25:37.6192316Z'
  ERROR: Build asset version error: assets/scripts/helloworld.cs in SourceAssetDB has modification time of '2023-12-26T13:25:23.9672956Z' while content on disk has modification time of '2023-12-26T13:25:37.6192316Z'
Number of updated asset objects reloaded before import = 0
Number of asset objects unloaded after import = 0
========================================================================
Received Import Request.
  Time since last request: 0.096807 seconds.
  path: Assets/Scripts/HelloWorld.cs
  artifactKey: Guid(f9237b6b2cec7c141aacd9e84d43da61) Importer(815301076,1909f56bfc062723c751e8b465ee728b)
Start importing Assets/Scripts/HelloWorld.cs using Guid(f9237b6b2cec7c141aacd9e84d43da61) Importer(815301076,1909f56bfc062723c751e8b465ee728b)  -> (artifact id: '00000000000000000000000000000000') in 0.000709 seconds
Import Error Code:(4)
Message: Build asset version error: assets/scripts/helloworld.cs in SourceAssetDB has modification time of '2023-12-26T13:25:23.9672956Z' while content on disk has modification time of '2023-12-26T13:25:37.6192316Z'
  ERROR: Build asset version error: assets/scripts/helloworld.cs in SourceAssetDB has modification time of '2023-12-26T13:25:23.9672956Z' while content on disk has modification time of '2023-12-26T13:25:37.6192316Z'
Number of updated asset objects reloaded before import = 0
Number of asset objects unloaded after import = 0
========================================================================
Received Import Request.
  Time since last request: 0.098925 seconds.
  path: Assets/Scripts/HelloWorld.cs
  artifactKey: Guid(f9237b6b2cec7c141aacd9e84d43da61) Importer(815301076,1909f56bfc062723c751e8b465ee728b)
Start importing Assets/Scripts/HelloWorld.cs using Guid(f9237b6b2cec7c141aacd9e84d43da61) Importer(815301076,1909f56bfc062723c751e8b465ee728b)  -> (artifact id: '00000000000000000000000000000000') in 0.000877 seconds
Import Error Code:(4)
Message: Build asset version error: assets/scripts/helloworld.cs in SourceAssetDB has modification time of '2023-12-26T13:25:23.9672956Z' while content on disk has modification time of '2023-12-26T13:25:37.6192316Z'
  ERROR: Build asset version error: assets/scripts/helloworld.cs in SourceAssetDB has modification time of '2023-12-26T13:25:23.9672956Z' while content on disk has modification time of '2023-12-26T13:25:37.6192316Z'
Number of updated asset objects reloaded before import = 0
Number of asset objects unloaded after import = 0
========================================================================
Received Import Request.
  Time since last request: 0.098412 seconds.
  path: Assets/Scripts/HelloWorld.cs
  artifactKey: Guid(f9237b6b2cec7c141aacd9e84d43da61) Importer(815301076,1909f56bfc062723c751e8b465ee728b)
Start importing Assets/Scripts/HelloWorld.cs using Guid(f9237b6b2cec7c141aacd9e84d43da61) Importer(815301076,1909f56bfc062723c751e8b465ee728b)  -> (artifact id: '00000000000000000000000000000000') in 0.000760 seconds
Import Error Code:(4)
Message: Build asset version error: assets/scripts/helloworld.cs in SourceAssetDB has modification time of '2023-12-26T13:25:23.9672956Z' while content on disk has modification time of '2023-12-26T13:25:37.6192316Z'
  ERROR: Build asset version error: assets/scripts/helloworld.cs in SourceAssetDB has modification time of '2023-12-26T13:25:23.9672956Z' while content on disk has modification time of '2023-12-26T13:25:37.6192316Z'
Number of updated asset objects reloaded before import = 0
Number of asset objects unloaded after import = 0
========================================================================
Received Import Request.
  Time since last request: 0.098888 seconds.
  path: Assets/Scripts/HelloWorld.cs
  artifactKey: Guid(f9237b6b2cec7c141aacd9e84d43da61) Importer(815301076,1909f56bfc062723c751e8b465ee728b)
Start importing Assets/Scripts/HelloWorld.cs using Guid(f9237b6b2cec7c141aacd9e84d43da61) Importer(815301076,1909f56bfc062723c751e8b465ee728b)  -> (artifact id: '00000000000000000000000000000000') in 0.000867 seconds
Import Error Code:(4)
Message: Build asset version error: assets/scripts/helloworld.cs in SourceAssetDB has modification time of '2023-12-26T13:25:23.9672956Z' while content on disk has modification time of '2023-12-26T13:25:37.6192316Z'
  ERROR: Build asset version error: assets/scripts/helloworld.cs in SourceAssetDB has modification time of '2023-12-26T13:25:23.9672956Z' while content on disk has modification time of '2023-12-26T13:25:37.6192316Z'
Number of updated asset objects reloaded before import = 0
Number of asset objects unloaded after import = 0
========================================================================
Received Import Request.
  Time since last request: 0.099212 seconds.
  path: Assets/Scripts/HelloWorld.cs
  artifactKey: Guid(f9237b6b2cec7c141aacd9e84d43da61) Importer(815301076,1909f56bfc062723c751e8b465ee728b)
Start importing Assets/Scripts/HelloWorld.cs using Guid(f9237b6b2cec7c141aacd9e84d43da61) Importer(815301076,1909f56bfc062723c751e8b465ee728b)  -> (artifact id: '00000000000000000000000000000000') in 0.000844 seconds
Import Error Code:(4)
Message: Build asset version error: assets/scripts/helloworld.cs in SourceAssetDB has modification time of '2023-12-26T13:25:23.9672956Z' while content on disk has modification time of '2023-12-26T13:25:37.6192316Z'
  ERROR: Build asset version error: assets/scripts/helloworld.cs in SourceAssetDB has modification time of '2023-12-26T13:25:23.9672956Z' while content on disk has modification time of '2023-12-26T13:25:37.6192316Z'
Number of updated asset objects reloaded before import = 0
Number of asset objects unloaded after import = 0
========================================================================
Received Import Request.
  Time since last request: 0.097837 seconds.
  path: Assets/Scripts/HelloWorld.cs
  artifactKey: Guid(f9237b6b2cec7c141aacd9e84d43da61) Importer(815301076,1909f56bfc062723c751e8b465ee728b)
Start importing Assets/Scripts/HelloWorld.cs using Guid(f9237b6b2cec7c141aacd9e84d43da61) Importer(815301076,1909f56bfc062723c751e8b465ee728b)  -> (artifact id: '00000000000000000000000000000000') in 0.000705 seconds
Import Error Code:(4)
Message: Build asset version error: assets/scripts/helloworld.cs in SourceAssetDB has modification time of '2023-12-26T13:25:23.9672956Z' while content on disk has modification time of '2023-12-26T13:25:37.6192316Z'
  ERROR: Build asset version error: assets/scripts/helloworld.cs in SourceAssetDB has modification time of '2023-12-26T13:25:23.9672956Z' while content on disk has modification time of '2023-12-26T13:25:37.6192316Z'
Number of updated asset objects reloaded before import = 0
Number of asset objects unloaded after import = 0
========================================================================
Received Import Request.
  Time since last request: 0.099064 seconds.
  path: Assets/Scripts/HelloWorld.cs
  artifactKey: Guid(f9237b6b2cec7c141aacd9e84d43da61) Importer(815301076,1909f56bfc062723c751e8b465ee728b)
Start importing Assets/Scripts/HelloWorld.cs using Guid(f9237b6b2cec7c141aacd9e84d43da61) Importer(815301076,1909f56bfc062723c751e8b465ee728b)  -> (artifact id: '00000000000000000000000000000000') in 0.000872 seconds
Import Error Code:(4)
Message: Build asset version error: assets/scripts/helloworld.cs in SourceAssetDB has modification time of '2023-12-26T13:25:23.9672956Z' while content on disk has modification time of '2023-12-26T13:25:37.6192316Z'
  ERROR: Build asset version error: assets/scripts/helloworld.cs in SourceAssetDB has modification time of '2023-12-26T13:25:23.9672956Z' while content on disk has modification time of '2023-12-26T13:25:37.6192316Z'
Number of updated asset objects reloaded before import = 0
Number of asset objects unloaded after import = 0
========================================================================
Received Import Request.
  Time since last request: 0.098726 seconds.
  path: Assets/Scripts/HelloWorld.cs
  artifactKey: Guid(f9237b6b2cec7c141aacd9e84d43da61) Importer(815301076,1909f56bfc062723c751e8b465ee728b)
Start importing Assets/Scripts/HelloWorld.cs using Guid(f9237b6b2cec7c141aacd9e84d43da61) Importer(815301076,1909f56bfc062723c751e8b465ee728b)  -> (artifact id: '00000000000000000000000000000000') in 0.000968 seconds
Import Error Code:(4)
Message: Build asset version error: assets/scripts/helloworld.cs in SourceAssetDB has modification time of '2023-12-26T13:25:23.9672956Z' while content on disk has modification time of '2023-12-26T13:25:37.6192316Z'
  ERROR: Build asset version error: assets/scripts/helloworld.cs in SourceAssetDB has modification time of '2023-12-26T13:25:23.9672956Z' while content on disk has modification time of '2023-12-26T13:25:37.6192316Z'
Number of updated asset objects reloaded before import = 0
Number of asset objects unloaded after import = 0
========================================================================
Received Import Request.
  Time since last request: 0.098618 seconds.
  path: Assets/Scripts/HelloWorld.cs
  artifactKey: Guid(f9237b6b2cec7c141aacd9e84d43da61) Importer(815301076,1909f56bfc062723c751e8b465ee728b)
Start importing Assets/Scripts/HelloWorld.cs using Guid(f9237b6b2cec7c141aacd9e84d43da61) Importer(815301076,1909f56bfc062723c751e8b465ee728b)  -> (artifact id: '00000000000000000000000000000000') in 0.000855 seconds
Import Error Code:(4)
Message: Build asset version error: assets/scripts/helloworld.cs in SourceAssetDB has modification time of '2023-12-26T13:25:23.9672956Z' while content on disk has modification time of '2023-12-26T13:25:37.6192316Z'
  ERROR: Build asset version error: assets/scripts/helloworld.cs in SourceAssetDB has modification time of '2023-12-26T13:25:23.9672956Z' while content on disk has modification time of '2023-12-26T13:25:37.6192316Z'
Number of updated asset objects reloaded before import = 0
Number of asset objects unloaded after import = 0
========================================================================
Received Import Request.
  Time since last request: 0.099503 seconds.
  path: Assets/Scripts/HelloWorld.cs
  artifactKey: Guid(f9237b6b2cec7c141aacd9e84d43da61) Importer(815301076,1909f56bfc062723c751e8b465ee728b)
Start importing Assets/Scripts/HelloWorld.cs using Guid(f9237b6b2cec7c141aacd9e84d43da61) Importer(815301076,1909f56bfc062723c751e8b465ee728b)  -> (artifact id: '00000000000000000000000000000000') in 0.001013 seconds
Import Error Code:(4)
Message: Build asset version error: assets/scripts/helloworld.cs in SourceAssetDB has modification time of '2023-12-26T13:25:23.9672956Z' while content on disk has modification time of '2023-12-26T13:25:37.6192316Z'
  ERROR: Build asset version error: assets/scripts/helloworld.cs in SourceAssetDB has modification time of '2023-12-26T13:25:23.9672956Z' while content on disk has modification time of '2023-12-26T13:25:37.6192316Z'
Number of updated asset objects reloaded before import = 0
Number of asset objects unloaded after import = 0
========================================================================
Received Import Request.
  Time since last request: 0.097493 seconds.
  path: Assets/Scripts/HelloWorld.cs
  artifactKey: Guid(f9237b6b2cec7c141aacd9e84d43da61) Importer(815301076,1909f56bfc062723c751e8b465ee728b)
Start importing Assets/Scripts/HelloWorld.cs using Guid(f9237b6b2cec7c141aacd9e84d43da61) Importer(815301076,1909f56bfc062723c751e8b465ee728b)  -> (artifact id: '00000000000000000000000000000000') in 0.000874 seconds
Import Error Code:(4)
Message: Build asset version error: assets/scripts/helloworld.cs in SourceAssetDB has modification time of '2023-12-26T13:25:23.9672956Z' while content on disk has modification time of '2023-12-26T13:25:37.6192316Z'
  ERROR: Build asset version error: assets/scripts/helloworld.cs in SourceAssetDB has modification time of '2023-12-26T13:25:23.9672956Z' while content on disk has modification time of '2023-12-26T13:25:37.6192316Z'
Number of updated asset objects reloaded before import = 0
Number of asset objects unloaded after import = 0
========================================================================
Received Import Request.
  Time since last request: 0.098549 seconds.
  path: Assets/Scripts/HelloWorld.cs
  artifactKey: Guid(f9237b6b2cec7c141aacd9e84d43da61) Importer(815301076,1909f56bfc062723c751e8b465ee728b)
Start importing Assets/Scripts/HelloWorld.cs using Guid(f9237b6b2cec7c141aacd9e84d43da61) Importer(815301076,1909f56bfc062723c751e8b465ee728b)  -> (artifact id: '00000000000000000000000000000000') in 0.000843 seconds
Import Error Code:(4)
Message: Build asset version error: assets/scripts/helloworld.cs in SourceAssetDB has modification time of '2023-12-26T13:25:23.9672956Z' while content on disk has modification time of '2023-12-26T13:25:37.6192316Z'
  ERROR: Build asset version error: assets/scripts/helloworld.cs in SourceAssetDB has modification time of '2023-12-26T13:25:23.9672956Z' while content on disk has modification time of '2023-12-26T13:25:37.6192316Z'
Number of updated asset objects reloaded before import = 0
Number of asset objects unloaded after import = 0
========================================================================
Received Import Request.
  Time since last request: 0.098316 seconds.
  path: Assets/Scripts/HelloWorld.cs
  artifactKey: Guid(f9237b6b2cec7c141aacd9e84d43da61) Importer(815301076,1909f56bfc062723c751e8b465ee728b)
Start importing Assets/Scripts/HelloWorld.cs using Guid(f9237b6b2cec7c141aacd9e84d43da61) Importer(815301076,1909f56bfc062723c751e8b465ee728b)  -> (artifact id: '00000000000000000000000000000000') in 0.000777 seconds
Import Error Code:(4)
Message: Build asset version error: assets/scripts/helloworld.cs in SourceAssetDB has modification time of '2023-12-26T13:25:23.9672956Z' while content on disk has modification time of '2023-12-26T13:25:37.6192316Z'
  ERROR: Build asset version error: assets/scripts/helloworld.cs in SourceAssetDB has modification time of '2023-12-26T13:25:23.9672956Z' while content on disk has modification time of '2023-12-26T13:25:37.6192316Z'
Number of updated asset objects reloaded before import = 0
Number of asset objects unloaded after import = 0
========================================================================
Received Import Request.
  Time since last request: 0.098943 seconds.
  path: Assets/Scripts/HelloWorld.cs
  artifactKey: Guid(f9237b6b2cec7c141aacd9e84d43da61) Importer(815301076,1909f56bfc062723c751e8b465ee728b)
Start importing Assets/Scripts/HelloWorld.cs using Guid(f9237b6b2cec7c141aacd9e84d43da61) Importer(815301076,1909f56bfc062723c751e8b465ee728b)  -> (artifact id: '00000000000000000000000000000000') in 0.001056 seconds
Import Error Code:(4)
Message: Build asset version error: assets/scripts/helloworld.cs in SourceAssetDB has modification time of '2023-12-26T13:25:23.9672956Z' while content on disk has modification time of '2023-12-26T13:25:37.6192316Z'
  ERROR: Build asset version error: assets/scripts/helloworld.cs in SourceAssetDB has modification time of '2023-12-26T13:25:23.9672956Z' while content on disk has modification time of '2023-12-26T13:25:37.6192316Z'
Number of updated asset objects reloaded before import = 0
Number of asset objects unloaded after import = 0
========================================================================
Received Import Request.
  Time since last request: 0.097834 seconds.
  path: Assets/Scripts/HelloWorld.cs
  artifactKey: Guid(f9237b6b2cec7c141aacd9e84d43da61) Importer(815301076,1909f56bfc062723c751e8b465ee728b)
Start importing Assets/Scripts/HelloWorld.cs using Guid(f9237b6b2cec7c141aacd9e84d43da61) Importer(815301076,1909f56bfc062723c751e8b465ee728b)  -> (artifact id: '00000000000000000000000000000000') in 0.000826 seconds
Import Error Code:(4)
Message: Build asset version error: assets/scripts/helloworld.cs in SourceAssetDB has modification time of '2023-12-26T13:25:23.9672956Z' while content on disk has modification time of '2023-12-26T13:25:37.6192316Z'
  ERROR: Build asset version error: assets/scripts/helloworld.cs in SourceAssetDB has modification time of '2023-12-26T13:25:23.9672956Z' while content on disk has modification time of '2023-12-26T13:25:37.6192316Z'
Number of updated asset objects reloaded before import = 0
Number of asset objects unloaded after import = 0
========================================================================
Received Import Request.
  Time since last request: 0.100025 seconds.
  path: Assets/Scripts/HelloWorld.cs
  artifactKey: Guid(f9237b6b2cec7c141aacd9e84d43da61) Importer(815301076,1909f56bfc062723c751e8b465ee728b)
Start importing Assets/Scripts/HelloWorld.cs using Guid(f9237b6b2cec7c141aacd9e84d43da61) Importer(815301076,1909f56bfc062723c751e8b465ee728b)  -> (artifact id: '00000000000000000000000000000000') in 0.000920 seconds
Import Error Code:(4)
Message: Build asset version error: assets/scripts/helloworld.cs in SourceAssetDB has modification time of '2023-12-26T13:25:23.9672956Z' while content on disk has modification time of '2023-12-26T13:25:37.6192316Z'
  ERROR: Build asset version error: assets/scripts/helloworld.cs in SourceAssetDB has modification time of '2023-12-26T13:25:23.9672956Z' while content on disk has modification time of '2023-12-26T13:25:37.6192316Z'
Number of updated asset objects reloaded before import = 0
Number of asset objects unloaded after import = 0
========================================================================
Received Import Request.
  Time since last request: 0.097249 seconds.
  path: Assets/Scripts/HelloWorld.cs
  artifactKey: Guid(f9237b6b2cec7c141aacd9e84d43da61) Importer(815301076,1909f56bfc062723c751e8b465ee728b)
Start importing Assets/Scripts/HelloWorld.cs using Guid(f9237b6b2cec7c141aacd9e84d43da61) Importer(815301076,1909f56bfc062723c751e8b465ee728b)  -> (artifact id: '00000000000000000000000000000000') in 0.001099 seconds
Import Error Code:(4)
Message: Build asset version error: assets/scripts/helloworld.cs in SourceAssetDB has modification time of '2023-12-26T13:25:23.9672956Z' while content on disk has modification time of '2023-12-26T13:25:37.6192316Z'
  ERROR: Build asset version error: assets/scripts/helloworld.cs in SourceAssetDB has modification time of '2023-12-26T13:25:23.9672956Z' while content on disk has modification time of '2023-12-26T13:25:37.6192316Z'
Number of updated asset objects reloaded before import = 0
Number of asset objects unloaded after import = 0
========================================================================
Received Import Request.
  Time since last request: 0.098471 seconds.
  path: Assets/Scripts/HelloWorld.cs
  artifactKey: Guid(f9237b6b2cec7c141aacd9e84d43da61) Importer(815301076,1909f56bfc062723c751e8b465ee728b)
Start importing Assets/Scripts/HelloWorld.cs using Guid(f9237b6b2cec7c141aacd9e84d43da61) Importer(815301076,1909f56bfc062723c751e8b465ee728b)  -> (artifact id: '00000000000000000000000000000000') in 0.001549 seconds
Import Error Code:(4)
Message: Build asset version error: assets/scripts/helloworld.cs in SourceAssetDB has modification time of '2023-12-26T13:25:23.9672956Z' while content on disk has modification time of '2023-12-26T13:25:37.6192316Z'
  ERROR: Build asset version error: assets/scripts/helloworld.cs in SourceAssetDB has modification time of '2023-12-26T13:25:23.9672956Z' while content on disk has modification time of '2023-12-26T13:25:37.6192316Z'
Number of updated asset objects reloaded before import = 0
Number of asset objects unloaded after import = 0
========================================================================
Received Import Request.
  Time since last request: 0.095979 seconds.
  path: Assets/Scripts/HelloWorld.cs
  artifactKey: Guid(f9237b6b2cec7c141aacd9e84d43da61) Importer(815301076,1909f56bfc062723c751e8b465ee728b)
Start importing Assets/Scripts/HelloWorld.cs using Guid(f9237b6b2cec7c141aacd9e84d43da61) Importer(815301076,1909f56bfc062723c751e8b465ee728b)  -> (artifact id: '00000000000000000000000000000000') in 0.001037 seconds
Import Error Code:(4)
Message: Build asset version error: assets/scripts/helloworld.cs in SourceAssetDB has modification time of '2023-12-26T13:25:23.9672956Z' while content on disk has modification time of '2023-12-26T13:25:37.6192316Z'
  ERROR: Build asset version error: assets/scripts/helloworld.cs in SourceAssetDB has modification time of '2023-12-26T13:25:23.9672956Z' while content on disk has modification time of '2023-12-26T13:25:37.6192316Z'
Number of updated asset objects reloaded before import = 0
Number of asset objects unloaded after import = 0
========================================================================
Received Import Request.
  Time since last request: 0.098738 seconds.
  path: Assets/Scripts/HelloWorld.cs
  artifactKey: Guid(f9237b6b2cec7c141aacd9e84d43da61) Importer(815301076,1909f56bfc062723c751e8b465ee728b)
Start importing Assets/Scripts/HelloWorld.cs using Guid(f9237b6b2cec7c141aacd9e84d43da61) Importer(815301076,1909f56bfc062723c751e8b465ee728b)  -> (artifact id: '00000000000000000000000000000000') in 0.001058 seconds
Import Error Code:(4)
Message: Build asset version error: assets/scripts/helloworld.cs in SourceAssetDB has modification time of '2023-12-26T13:25:23.9672956Z' while content on disk has modification time of '2023-12-26T13:25:37.6192316Z'
  ERROR: Build asset version error: assets/scripts/helloworld.cs in SourceAssetDB has modification time of '2023-12-26T13:25:23.9672956Z' while content on disk has modification time of '2023-12-26T13:25:37.6192316Z'
Number of updated asset objects reloaded before import = 0
Number of asset objects unloaded after import = 0
========================================================================
Received Import Request.
  Time since last request: 0.099790 seconds.
  path: Assets/Scripts/HelloWorld.cs
  artifactKey: Guid(f9237b6b2cec7c141aacd9e84d43da61) Importer(815301076,1909f56bfc062723c751e8b465ee728b)
Start importing Assets/Scripts/HelloWorld.cs using Guid(f9237b6b2cec7c141aacd9e84d43da61) Importer(815301076,1909f56bfc062723c751e8b465ee728b)  -> (artifact id: '00000000000000000000000000000000') in 0.001799 seconds
Import Error Code:(4)
Message: Build asset version error: assets/scripts/helloworld.cs in SourceAssetDB has modification time of '2023-12-26T13:25:23.9672956Z' while content on disk has modification time of '2023-12-26T13:25:37.6192316Z'
  ERROR: Build asset version error: assets/scripts/helloworld.cs in SourceAssetDB has modification time of '2023-12-26T13:25:23.9672956Z' while content on disk has modification time of '2023-12-26T13:25:37.6192316Z'
Number of updated asset objects reloaded before import = 0
Number of asset objects unloaded after import = 0
========================================================================
Received Import Request.
  Time since last request: 0.095553 seconds.
  path: Assets/Scripts/HelloWorld.cs
  artifactKey: Guid(f9237b6b2cec7c141aacd9e84d43da61) Importer(815301076,1909f56bfc062723c751e8b465ee728b)
Start importing Assets/Scripts/HelloWorld.cs using Guid(f9237b6b2cec7c141aacd9e84d43da61) Importer(815301076,1909f56bfc062723c751e8b465ee728b)  -> (artifact id: '00000000000000000000000000000000') in 0.001512 seconds
Import Error Code:(4)
Message: Build asset version error: assets/scripts/helloworld.cs in SourceAssetDB has modification time of '2023-12-26T13:25:23.9672956Z' while content on disk has modification time of '2023-12-26T13:25:37.6192316Z'
  ERROR: Build asset version error: assets/scripts/helloworld.cs in SourceAssetDB has modification time of '2023-12-26T13:25:23.9672956Z' while content on disk has modification time of '2023-12-26T13:25:37.6192316Z'
Number of updated asset objects reloaded before import = 0
Number of asset objects unloaded after import = 0
========================================================================
Received Import Request.
  Time since last request: 0.099550 seconds.
  path: Assets/Scripts/HelloWorld.cs
  artifactKey: Guid(f9237b6b2cec7c141aacd9e84d43da61) Importer(815301076,1909f56bfc062723c751e8b465ee728b)
Start importing Assets/Scripts/HelloWorld.cs using Guid(f9237b6b2cec7c141aacd9e84d43da61) Importer(815301076,1909f56bfc062723c751e8b465ee728b)  -> (artifact id: '00000000000000000000000000000000') in 0.001323 seconds
Import Error Code:(4)
Message: Build asset version error: assets/scripts/helloworld.cs in SourceAssetDB has modification time of '2023-12-26T13:25:23.9672956Z' while content on disk has modification time of '2023-12-26T13:25:37.6192316Z'
  ERROR: Build asset version error: assets/scripts/helloworld.cs in SourceAssetDB has modification time of '2023-12-26T13:25:23.9672956Z' while content on disk has modification time of '2023-12-26T13:25:37.6192316Z'
Number of updated asset objects reloaded before import = 0
Number of asset objects unloaded after import = 0
========================================================================
Received Import Request.
  Time since last request: 0.097120 seconds.
  path: Assets/Scripts/HelloWorld.cs
  artifactKey: Guid(f9237b6b2cec7c141aacd9e84d43da61) Importer(815301076,1909f56bfc062723c751e8b465ee728b)
Start importing Assets/Scripts/HelloWorld.cs using Guid(f9237b6b2cec7c141aacd9e84d43da61) Importer(815301076,1909f56bfc062723c751e8b465ee728b)  -> (artifact id: '00000000000000000000000000000000') in 0.001249 seconds
Import Error Code:(4)
Message: Build asset version error: assets/scripts/helloworld.cs in SourceAssetDB has modification time of '2023-12-26T13:25:23.9672956Z' while content on disk has modification time of '2023-12-26T13:25:37.6192316Z'
  ERROR: Build asset version error: assets/scripts/helloworld.cs in SourceAssetDB has modification time of '2023-12-26T13:25:23.9672956Z' while content on disk has modification time of '2023-12-26T13:25:37.6192316Z'
Number of updated asset objects reloaded before import = 0
Number of asset objects unloaded after import = 0
========================================================================
Received Import Request.
  Time since last request: 0.098829 seconds.
  path: Assets/Scripts/HelloWorld.cs
  artifactKey: Guid(f9237b6b2cec7c141aacd9e84d43da61) Importer(815301076,1909f56bfc062723c751e8b465ee728b)
Start importing Assets/Scripts/HelloWorld.cs using Guid(f9237b6b2cec7c141aacd9e84d43da61) Importer(815301076,1909f56bfc062723c751e8b465ee728b)  -> (artifact id: '00000000000000000000000000000000') in 0.001187 seconds
Import Error Code:(4)
Message: Build asset version error: assets/scripts/helloworld.cs in SourceAssetDB has modification time of '2023-12-26T13:25:23.9672956Z' while content on disk has modification time of '2023-12-26T13:25:37.6192316Z'
  ERROR: Build asset version error: assets/scripts/helloworld.cs in SourceAssetDB has modification time of '2023-12-26T13:25:23.9672956Z' while content on disk has modification time of '2023-12-26T13:25:37.6192316Z'
Number of updated asset objects reloaded before import = 0
Number of asset objects unloaded after import = 0
========================================================================
Received Import Request.
  Time since last request: 0.097369 seconds.
  path: Assets/Scripts/HelloWorld.cs
  artifactKey: Guid(f9237b6b2cec7c141aacd9e84d43da61) Importer(815301076,1909f56bfc062723c751e8b465ee728b)
Start importing Assets/Scripts/HelloWorld.cs using Guid(f9237b6b2cec7c141aacd9e84d43da61) Importer(815301076,1909f56bfc062723c751e8b465ee728b)  -> (artifact id: '00000000000000000000000000000000') in 0.001101 seconds
Import Error Code:(4)
Message: Build asset version error: assets/scripts/helloworld.cs in SourceAssetDB has modification time of '2023-12-26T13:25:23.9672956Z' while content on disk has modification time of '2023-12-26T13:25:37.6192316Z'
  ERROR: Build asset version error: assets/scripts/helloworld.cs in SourceAssetDB has modification time of '2023-12-26T13:25:23.9672956Z' while content on disk has modification time of '2023-12-26T13:25:37.6192316Z'
Number of updated asset objects reloaded before import = 0
Number of asset objects unloaded after import = 0
========================================================================
Received Import Request.
  Time since last request: 0.099133 seconds.
  path: Assets/Scripts/HelloWorld.cs
  artifactKey: Guid(f9237b6b2cec7c141aacd9e84d43da61) Importer(815301076,1909f56bfc062723c751e8b465ee728b)
Start importing Assets/Scripts/HelloWorld.cs using Guid(f9237b6b2cec7c141aacd9e84d43da61) Importer(815301076,1909f56bfc062723c751e8b465ee728b)  -> (artifact id: '00000000000000000000000000000000') in 0.001264 seconds
Import Error Code:(4)
Message: Build asset version error: assets/scripts/helloworld.cs in SourceAssetDB has modification time of '2023-12-26T13:25:23.9672956Z' while content on disk has modification time of '2023-12-26T13:25:37.6192316Z'
  ERROR: Build asset version error: assets/scripts/helloworld.cs in SourceAssetDB has modification time of '2023-12-26T13:25:23.9672956Z' while content on disk has modification time of '2023-12-26T13:25:37.6192316Z'
Number of updated asset objects reloaded before import = 0
Number of asset objects unloaded after import = 0
========================================================================
Received Import Request.
  Time since last request: 0.096921 seconds.
  path: Assets/Scripts/HelloWorld.cs
  artifactKey: Guid(f9237b6b2cec7c141aacd9e84d43da61) Importer(815301076,1909f56bfc062723c751e8b465ee728b)
Start importing Assets/Scripts/HelloWorld.cs using Guid(f9237b6b2cec7c141aacd9e84d43da61) Importer(815301076,1909f56bfc062723c751e8b465ee728b)  -> (artifact id: '00000000000000000000000000000000') in 0.001054 seconds
Import Error Code:(4)
Message: Build asset version error: assets/scripts/helloworld.cs in SourceAssetDB has modification time of '2023-12-26T13:25:23.9672956Z' while content on disk has modification time of '2023-12-26T13:25:37.6192316Z'
  ERROR: Build asset version error: assets/scripts/helloworld.cs in SourceAssetDB has modification time of '2023-12-26T13:25:23.9672956Z' while content on disk has modification time of '2023-12-26T13:25:37.6192316Z'
Number of updated asset objects reloaded before import = 0
Number of asset objects unloaded after import = 0
========================================================================
Received Import Request.
  Time since last request: 0.098654 seconds.
  path: Assets/Scripts/HelloWorld.cs
  artifactKey: Guid(f9237b6b2cec7c141aacd9e84d43da61) Importer(815301076,1909f56bfc062723c751e8b465ee728b)
Start importing Assets/Scripts/HelloWorld.cs using Guid(f9237b6b2cec7c141aacd9e84d43da61) Importer(815301076,1909f56bfc062723c751e8b465ee728b)  -> (artifact id: '00000000000000000000000000000000') in 0.001607 seconds
Import Error Code:(4)
Message: Build asset version error: assets/scripts/helloworld.cs in SourceAssetDB has modification time of '2023-12-26T13:25:23.9672956Z' while content on disk has modification time of '2023-12-26T13:25:37.6192316Z'
  ERROR: Build asset version error: assets/scripts/helloworld.cs in SourceAssetDB has modification time of '2023-12-26T13:25:23.9672956Z' while content on disk has modification time of '2023-12-26T13:25:37.6192316Z'
Number of updated asset objects reloaded before import = 0
Number of asset objects unloaded after import = 0
========================================================================
Received Import Request.
  Time since last request: 0.095106 seconds.
  path: Assets/Scripts/HelloWorld.cs
  artifactKey: Guid(f9237b6b2cec7c141aacd9e84d43da61) Importer(815301076,1909f56bfc062723c751e8b465ee728b)
Start importing Assets/Scripts/HelloWorld.cs using Guid(f9237b6b2cec7c141aacd9e84d43da61) Importer(815301076,1909f56bfc062723c751e8b465ee728b)  -> (artifact id: '00000000000000000000000000000000') in 0.001110 seconds
Import Error Code:(4)
Message: Build asset version error: assets/scripts/helloworld.cs in SourceAssetDB has modification time of '2023-12-26T13:25:23.9672956Z' while content on disk has modification time of '2023-12-26T13:25:37.6192316Z'
  ERROR: Build asset version error: assets/scripts/helloworld.cs in SourceAssetDB has modification time of '2023-12-26T13:25:23.9672956Z' while content on disk has modification time of '2023-12-26T13:25:37.6192316Z'
Number of updated asset objects reloaded before import = 0
Number of asset objects unloaded after import = 0
========================================================================
Received Import Request.
  Time since last request: 0.098128 seconds.
  path: Assets/Scripts/HelloWorld.cs
  artifactKey: Guid(f9237b6b2cec7c141aacd9e84d43da61) Importer(815301076,1909f56bfc062723c751e8b465ee728b)
Start importing Assets/Scripts/HelloWorld.cs using Guid(f9237b6b2cec7c141aacd9e84d43da61) Importer(815301076,1909f56bfc062723c751e8b465ee728b)  -> (artifact id: '00000000000000000000000000000000') in 0.000929 seconds
Import Error Code:(4)
Message: Build asset version error: assets/scripts/helloworld.cs in SourceAssetDB has modification time of '2023-12-26T13:25:23.9672956Z' while content on disk has modification time of '2023-12-26T13:25:37.6192316Z'
  ERROR: Build asset version error: assets/scripts/helloworld.cs in SourceAssetDB has modification time of '2023-12-26T13:25:23.9672956Z' while content on disk has modification time of '2023-12-26T13:25:37.6192316Z'
Number of updated asset objects reloaded before import = 0
Number of asset objects unloaded after import = 0
========================================================================
Received Import Request.
  Time since last request: 0.099171 seconds.
  path: Assets/Scripts/HelloWorld.cs
  artifactKey: Guid(f9237b6b2cec7c141aacd9e84d43da61) Importer(815301076,1909f56bfc062723c751e8b465ee728b)
Start importing Assets/Scripts/HelloWorld.cs using Guid(f9237b6b2cec7c141aacd9e84d43da61) Importer(815301076,1909f56bfc062723c751e8b465ee728b)  -> (artifact id: '00000000000000000000000000000000') in 0.001655 seconds
Import Error Code:(4)
Message: Build asset version error: assets/scripts/helloworld.cs in SourceAssetDB has modification time of '2023-12-26T13:25:23.9672956Z' while content on disk has modification time of '2023-12-26T13:25:37.6192316Z'
  ERROR: Build asset version error: assets/scripts/helloworld.cs in SourceAssetDB has modification time of '2023-12-26T13:25:23.9672956Z' while content on disk has modification time of '2023-12-26T13:25:37.6192316Z'
Number of updated asset objects reloaded before import = 0
Number of asset objects unloaded after import = 0
========================================================================
Received Import Request.
  Time since last request: 0.099002 seconds.
  path: Assets/Scripts/HelloWorld.cs
  artifactKey: Guid(f9237b6b2cec7c141aacd9e84d43da61) Importer(815301076,1909f56bfc062723c751e8b465ee728b)
Start importing Assets/Scripts/HelloWorld.cs using Guid(f9237b6b2cec7c141aacd9e84d43da61) Importer(815301076,1909f56bfc062723c751e8b465ee728b)  -> (artifact id: '00000000000000000000000000000000') in 0.001158 seconds
Import Error Code:(4)
Message: Build asset version error: assets/scripts/helloworld.cs in SourceAssetDB has modification time of '2023-12-26T13:25:23.9672956Z' while content on disk has modification time of '2023-12-26T13:25:37.6192316Z'
  ERROR: Build asset version error: assets/scripts/helloworld.cs in SourceAssetDB has modification time of '2023-12-26T13:25:23.9672956Z' while content on disk has modification time of '2023-12-26T13:25:37.6192316Z'
Number of updated asset objects reloaded before import = 0
Number of asset objects unloaded after import = 0
========================================================================
Received Import Request.
  Time since last request: 0.201253 seconds.
  path: Assets/Scripts/HelloWorld.cs
  artifactKey: Guid(f9237b6b2cec7c141aacd9e84d43da61) Importer(815301076,1909f56bfc062723c751e8b465ee728b)
Start importing Assets/Scripts/HelloWorld.cs using Guid(f9237b6b2cec7c141aacd9e84d43da61) Importer(815301076,1909f56bfc062723c751e8b465ee728b)  -> (artifact id: '10cf67920c950b59a6077651331c2f9a') in 0.004461 seconds
Number of updated asset objects reloaded before import = 0
Number of asset objects unloaded after import = 0
========================================================================
Received Prepare
Begin MonoManager ReloadAssembly
- Loaded All Assemblies, in  0.929 seconds
Refreshing native plugins compatible for Editor in 8.50 ms, found 3 plugins.
Native extension for UWP target not found
Native extension for WindowsStandalone target not found
Native extension for Android target not found
Native extension for WebGL target not found
[Package Manager] Server::EnsureServerProcessIsRunning -- launch failed, reason: Unity was launched with the -noUpm command-line argument
[Package Manager] UpmClient::Send -- Unable to send message (not connected to UPM process).
[Package Manager] Cannot connect to Unity Package Manager local server
Mono: successfully reloaded assembly
- Finished resetting the current domain, in  1.880 seconds
Domain Reload Profiling: 2797ms
	BeginReloadAssembly (306ms)
		ExecutionOrderSort (0ms)
		DisableScriptedObjects (16ms)
		BackupInstance (0ms)
		ReleaseScriptingObjects (0ms)
		CreateAndSetChildDomain (57ms)
	RebuildCommonClasses (74ms)
	RebuildNativeTypeToScriptingClass (20ms)
	initialDomainReloadingComplete (67ms)
	LoadAllAssembliesAndSetupDomain (449ms)
		LoadAssemblies (588ms)
		RebuildTransferFunctionScriptingTraits (0ms)
		AnalyzeDomain (36ms)
			TypeCache.Refresh (13ms)
				TypeCache.ScanAssembly (0ms)
			ScanForSourceGeneratedMonoScriptInfo (12ms)
			ResolveRequiredComponents (9ms)
	FinalizeReload (1881ms)
		ReleaseScriptCaches (0ms)
		RebuildScriptCaches (0ms)
		SetupLoadedEditorAssemblies (802ms)
			LogAssemblyErrors (0ms)
			InitializePlatformSupportModulesInManaged (59ms)
			SetLoadedEditorAssemblies (10ms)
			RefreshPlugins (0ms)
			BeforeProcessingInitializeOnLoad (135ms)
			ProcessInitializeOnLoadAttributes (538ms)
			ProcessInitializeOnLoadMethodAttributes (36ms)
			AfterProcessingInitializeOnLoad (23ms)
			EditorAssembliesLoaded (0ms)
		ExecutionOrderSort2 (0ms)
		AwakeInstancesAfterBackupRestoration (14ms)
Refreshing native plugins compatible for Editor in 9.38 ms, found 3 plugins.
Preloading 0 native plugins for Editor in 0.00 ms.
Unloading 3075 Unused Serialized files (Serialized files now loaded: 0)
Unloading 23 unused Assets / (31.0 KB). Loaded Objects now: 3554.
Memory consumption went from 129.3 MB to 129.2 MB.
Total: 4.085200 ms (FindLiveObjects: 0.391600 ms CreateObjectMapping: 0.252800 ms MarkObjects: 3.365800 ms  DeleteObjects: 0.073700 ms)

Prepare: number of updated asset objects reloaded= 0
AssetImportParameters requested are different than current active one (requested -> active):
  custom:container-demuxer-ogg: 62fdf1f143b41e24485cea50d1cbac27 -> 
  custom:video-codec-MediaFoundation-h265: 746d11721c4dcdbdad8f713fa42b33f4 -> 
  custom:video-decoder-ogg-theora: a1e56fd34408186e4bbccfd4996cb3dc -> 
  custom:framework-win-MediaFoundation: 216162199b28c13a410421893ffa2e32 -> 
  custom:CustomObjectIndexerAttribute: 43b350a4d6e6d1791af0b5038c4bea17 -> 
  custom:container-demuxer-webm: 4f35f7cbe854078d1ac9338744f61a02 -> 
  custom:container-muxer-webm: aa71ff27fc2769a1b78a27578f13a17b -> 
  custom:video-decoder-webm-vp8: 9c59270c3fd7afecdb556c50c9e8de78 -> 
  custom:SearchIndexIgnoredProperties: e643bd26f0fe6173181afceb89e7c659 -> 
  custom:AudioImporter_EditorPlatform: d09bf68614088b80899f8185d706f6e7 -> 
  custom:video-encoder-webm-vp8: eb34c28f22e8b96e1ab97ce403110664 -> 
  custom:audio-decoder-ogg-vorbis: bf7c407c2cedff20999df2af8eb42d56 -> 
  custom:audio-encoder-webm-vorbis: bf7c407c2cedff20999df2af8eb42d56 -> 
========================================================================
Received Prepare
Begin MonoManager ReloadAssembly
- Loaded All Assemblies, in  0.776 seconds
Refreshing native plugins compatible for Editor in 7.12 ms, found 3 plugins.
Native extension for UWP target not found
Native extension for WindowsStandalone target not found
Native extension for Android target not found
Native extension for WebGL target not found
[Package Manager] Server::EnsureServerProcessIsRunning -- launch failed, reason: Unity was launched with the -noUpm command-line argument
[Package Manager] UpmClient::Send -- Unable to send message (not connected to UPM process).
[Package Manager] Cannot connect to Unity Package Manager local server
Mono: successfully reloaded assembly
- Finished resetting the current domain, in  1.522 seconds
Domain Reload Profiling: 2291ms
	BeginReloadAssembly (255ms)
		ExecutionOrderSort (0ms)
		DisableScriptedObjects (8ms)
		BackupInstance (0ms)
		ReleaseScriptingObjects (0ms)
		CreateAndSetChildDomain (52ms)
	RebuildCommonClasses (56ms)
	RebuildNativeTypeToScriptingClass (19ms)
	initialDomainReloadingComplete (54ms)
	LoadAllAssembliesAndSetupDomain (385ms)
		LoadAssemblies (512ms)
		RebuildTransferFunctionScriptingTraits (0ms)
		AnalyzeDomain (21ms)
			TypeCache.Refresh (10ms)
				TypeCache.ScanAssembly (0ms)
			ScanForSourceGeneratedMonoScriptInfo (0ms)
			ResolveRequiredComponents (10ms)
	FinalizeReload (1522ms)
		ReleaseScriptCaches (0ms)
		RebuildScriptCaches (0ms)
		SetupLoadedEditorAssemblies (629ms)
			LogAssemblyErrors (0ms)
			InitializePlatformSupportModulesInManaged (53ms)
			SetLoadedEditorAssemblies (8ms)
			RefreshPlugins (0ms)
			BeforeProcessingInitializeOnLoad (116ms)
			ProcessInitializeOnLoadAttributes (408ms)
			ProcessInitializeOnLoadMethodAttributes (29ms)
			AfterProcessingInitializeOnLoad (14ms)
			EditorAssembliesLoaded (0ms)
		ExecutionOrderSort2 (0ms)
		AwakeInstancesAfterBackupRestoration (13ms)
Refreshing native plugins compatible for Editor in 7.24 ms, found 3 plugins.
Preloading 0 native plugins for Editor in 0.00 ms.
Unloading 3076 Unused Serialized files (Serialized files now loaded: 0)
Unloading 23 unused Assets / (31.1 KB). Loaded Objects now: 3557.
Memory consumption went from 131.4 MB to 131.4 MB.
Total: 4.343500 ms (FindLiveObjects: 0.261700 ms CreateObjectMapping: 0.258500 ms MarkObjects: 3.764800 ms  DeleteObjects: 0.057300 ms)

Prepare: number of updated asset objects reloaded= 0
AssetImportParameters requested are different than current active one (requested -> active):
  custom:container-demuxer-ogg: 62fdf1f143b41e24485cea50d1cbac27 -> 
  custom:video-codec-MediaFoundation-h265: 746d11721c4dcdbdad8f713fa42b33f4 -> 
  custom:video-decoder-ogg-theora: a1e56fd34408186e4bbccfd4996cb3dc -> 
  custom:framework-win-MediaFoundation: 216162199b28c13a410421893ffa2e32 -> 
  custom:CustomObjectIndexerAttribute: 43b350a4d6e6d1791af0b5038c4bea17 -> 
  custom:container-demuxer-webm: 4f35f7cbe854078d1ac9338744f61a02 -> 
  custom:container-muxer-webm: aa71ff27fc2769a1b78a27578f13a17b -> 
  custom:video-decoder-webm-vp8: 9c59270c3fd7afecdb556c50c9e8de78 -> 
  custom:SearchIndexIgnoredProperties: e643bd26f0fe6173181afceb89e7c659 -> 
  custom:AudioImporter_EditorPlatform: d09bf68614088b80899f8185d706f6e7 -> 
  custom:video-encoder-webm-vp8: eb34c28f22e8b96e1ab97ce403110664 -> 
  custom:audio-decoder-ogg-vorbis: bf7c407c2cedff20999df2af8eb42d56 -> 
  custom:audio-encoder-webm-vorbis: bf7c407c2cedff20999df2af8eb42d56 -> 
========================================================================
Received Prepare
Begin MonoManager ReloadAssembly
- Loaded All Assemblies, in  0.793 seconds
Refreshing native plugins compatible for Editor in 7.46 ms, found 3 plugins.
Native extension for UWP target not found
Native extension for WindowsStandalone target not found
Native extension for Android target not found
Native extension for WebGL target not found
[Package Manager] Server::EnsureServerProcessIsRunning -- launch failed, reason: Unity was launched with the -noUpm command-line argument
[Package Manager] UpmClient::Send -- Unable to send message (not connected to UPM process).
[Package Manager] Cannot connect to Unity Package Manager local server
Mono: successfully reloaded assembly
- Finished resetting the current domain, in  1.491 seconds
Domain Reload Profiling: 2276ms
	BeginReloadAssembly (253ms)
		ExecutionOrderSort (0ms)
		DisableScriptedObjects (8ms)
		BackupInstance (0ms)
		ReleaseScriptingObjects (0ms)
		CreateAndSetChildDomain (54ms)
	RebuildCommonClasses (51ms)
	RebuildNativeTypeToScriptingClass (18ms)
	initialDomainReloadingComplete (59ms)
	LoadAllAssembliesAndSetupDomain (404ms)
		LoadAssemblies (515ms)
		RebuildTransferFunctionScriptingTraits (0ms)
		AnalyzeDomain (36ms)
			TypeCache.Refresh (14ms)
				TypeCache.ScanAssembly (0ms)
			ScanForSourceGeneratedMonoScriptInfo (13ms)
			ResolveRequiredComponents (7ms)
	FinalizeReload (1491ms)
		ReleaseScriptCaches (0ms)
		RebuildScriptCaches (0ms)
		SetupLoadedEditorAssemblies (641ms)
			LogAssemblyErrors (0ms)
			InitializePlatformSupportModulesInManaged (49ms)
			SetLoadedEditorAssemblies (9ms)
			RefreshPlugins (0ms)
			BeforeProcessingInitializeOnLoad (98ms)
			ProcessInitializeOnLoadAttributes (439ms)
			ProcessInitializeOnLoadMethodAttributes (30ms)
			AfterProcessingInitializeOnLoad (16ms)
			EditorAssembliesLoaded (0ms)
		ExecutionOrderSort2 (0ms)
		AwakeInstancesAfterBackupRestoration (11ms)
Refreshing native plugins compatible for Editor in 10.60 ms, found 3 plugins.
Preloading 0 native plugins for Editor in 0.00 ms.
Unloading 3076 Unused Serialized files (Serialized files now loaded: 0)
Unloading 23 unused Assets / (31.0 KB). Loaded Objects now: 3560.
Memory consumption went from 133.4 MB to 133.3 MB.
Total: 6.543100 ms (FindLiveObjects: 0.494700 ms CreateObjectMapping: 0.364700 ms MarkObjects: 5.591500 ms  DeleteObjects: 0.090200 ms)

Prepare: number of updated asset objects reloaded= 0
AssetImportParameters requested are different than current active one (requested -> active):
  custom:container-demuxer-ogg: 62fdf1f143b41e24485cea50d1cbac27 -> 
  custom:video-codec-MediaFoundation-h265: 746d11721c4dcdbdad8f713fa42b33f4 -> 
  custom:video-decoder-ogg-theora: a1e56fd34408186e4bbccfd4996cb3dc -> 
  custom:framework-win-MediaFoundation: 216162199b28c13a410421893ffa2e32 -> 
  custom:CustomObjectIndexerAttribute: 43b350a4d6e6d1791af0b5038c4bea17 -> 
  custom:container-demuxer-webm: 4f35f7cbe854078d1ac9338744f61a02 -> 
  custom:container-muxer-webm: aa71ff27fc2769a1b78a27578f13a17b -> 
  custom:video-decoder-webm-vp8: 9c59270c3fd7afecdb556c50c9e8de78 -> 
  custom:SearchIndexIgnoredProperties: e643bd26f0fe6173181afceb89e7c659 -> 
  custom:AudioImporter_EditorPlatform: d09bf68614088b80899f8185d706f6e7 -> 
  custom:video-encoder-webm-vp8: eb34c28f22e8b96e1ab97ce403110664 -> 
  custom:audio-decoder-ogg-vorbis: bf7c407c2cedff20999df2af8eb42d56 -> 
  custom:audio-encoder-webm-vorbis: bf7c407c2cedff20999df2af8eb42d56 -> 
========================================================================
Received Prepare
Begin MonoManager ReloadAssembly
- Loaded All Assemblies, in  0.777 seconds
Refreshing native plugins compatible for Editor in 6.56 ms, found 3 plugins.
Native extension for UWP target not found
Native extension for WindowsStandalone target not found
Native extension for Android target not found
Native extension for WebGL target not found
[Package Manager] Server::EnsureServerProcessIsRunning -- launch failed, reason: Unity was launched with the -noUpm command-line argument
[Package Manager] UpmClient::Send -- Unable to send message (not connected to UPM process).
[Package Manager] Cannot connect to Unity Package Manager local server
Mono: successfully reloaded assembly
- Finished resetting the current domain, in  1.450 seconds
Domain Reload Profiling: 2218ms
	BeginReloadAssembly (250ms)
		ExecutionOrderSort (0ms)
		DisableScriptedObjects (8ms)
		BackupInstance (0ms)
		ReleaseScriptingObjects (0ms)
		CreateAndSetChildDomain (49ms)
	RebuildCommonClasses (64ms)
	RebuildNativeTypeToScriptingClass (19ms)
	initialDomainReloadingComplete (60ms)
	LoadAllAssembliesAndSetupDomain (376ms)
		LoadAssemblies (505ms)
		RebuildTransferFunctionScriptingTraits (0ms)
		AnalyzeDomain (18ms)
			TypeCache.Refresh (9ms)
				TypeCache.ScanAssembly (0ms)
			ScanForSourceGeneratedMonoScriptInfo (0ms)
			ResolveRequiredComponents (6ms)
	FinalizeReload (1450ms)
		ReleaseScriptCaches (0ms)
		RebuildScriptCaches (0ms)
		SetupLoadedEditorAssemblies (616ms)
			LogAssemblyErrors (0ms)
			InitializePlatformSupportModulesInManaged (46ms)
			SetLoadedEditorAssemblies (11ms)
			RefreshPlugins (0ms)
			BeforeProcessingInitializeOnLoad (99ms)
			ProcessInitializeOnLoadAttributes (411ms)
			ProcessInitializeOnLoadMethodAttributes (34ms)
			AfterProcessingInitializeOnLoad (14ms)
			EditorAssembliesLoaded (0ms)
		ExecutionOrderSort2 (0ms)
		AwakeInstancesAfterBackupRestoration (17ms)
Refreshing native plugins compatible for Editor in 7.42 ms, found 3 plugins.
Preloading 0 native plugins for Editor in 0.00 ms.
Unloading 3076 Unused Serialized files (Serialized files now loaded: 0)
Unloading 23 unused Assets / (31.0 KB). Loaded Objects now: 3563.
Memory consumption went from 135.3 MB to 135.3 MB.
Total: 6.106400 ms (FindLiveObjects: 0.320400 ms CreateObjectMapping: 0.341900 ms MarkObjects: 5.366400 ms  DeleteObjects: 0.076200 ms)

Prepare: number of updated asset objects reloaded= 0
AssetImportParameters requested are different than current active one (requested -> active):
  custom:container-demuxer-ogg: 62fdf1f143b41e24485cea50d1cbac27 -> 
  custom:video-codec-MediaFoundation-h265: 746d11721c4dcdbdad8f713fa42b33f4 -> 
  custom:video-decoder-ogg-theora: a1e56fd34408186e4bbccfd4996cb3dc -> 
  custom:framework-win-MediaFoundation: 216162199b28c13a410421893ffa2e32 -> 
  custom:CustomObjectIndexerAttribute: 43b350a4d6e6d1791af0b5038c4bea17 -> 
  custom:container-demuxer-webm: 4f35f7cbe854078d1ac9338744f61a02 -> 
  custom:container-muxer-webm: aa71ff27fc2769a1b78a27578f13a17b -> 
  custom:video-decoder-webm-vp8: 9c59270c3fd7afecdb556c50c9e8de78 -> 
  custom:SearchIndexIgnoredProperties: e643bd26f0fe6173181afceb89e7c659 -> 
  custom:AudioImporter_EditorPlatform: d09bf68614088b80899f8185d706f6e7 -> 
  custom:video-encoder-webm-vp8: eb34c28f22e8b96e1ab97ce403110664 -> 
  custom:audio-decoder-ogg-vorbis: bf7c407c2cedff20999df2af8eb42d56 -> 
  custom:audio-encoder-webm-vorbis: bf7c407c2cedff20999df2af8eb42d56 -> 
========================================================================
Received Prepare
Begin MonoManager ReloadAssembly
- Loaded All Assemblies, in  0.558 seconds
Refreshing native plugins compatible for Editor in 5.12 ms, found 3 plugins.
Native extension for UWP target not found
Native extension for WindowsStandalone target not found
Native extension for Android target not found
Native extension for WebGL target not found
[Package Manager] Server::EnsureServerProcessIsRunning -- launch failed, reason: Unity was launched with the -noUpm command-line argument
[Package Manager] UpmClient::Send -- Unable to send message (not connected to UPM process).
[Package Manager] Cannot connect to Unity Package Manager local server
Mono: successfully reloaded assembly
- Finished resetting the current domain, in  1.127 seconds
Domain Reload Profiling: 1680ms
	BeginReloadAssembly (171ms)
		ExecutionOrderSort (0ms)
		DisableScriptedObjects (6ms)
		BackupInstance (0ms)
		ReleaseScriptingObjects (0ms)
		CreateAndSetChildDomain (36ms)
	RebuildCommonClasses (51ms)
	RebuildNativeTypeToScriptingClass (12ms)
	initialDomainReloadingComplete (35ms)
	LoadAllAssembliesAndSetupDomain (284ms)
		LoadAssemblies (352ms)
		RebuildTransferFunctionScriptingTraits (0ms)
		AnalyzeDomain (27ms)
			TypeCache.Refresh (11ms)
				TypeCache.ScanAssembly (0ms)
			ScanForSourceGeneratedMonoScriptInfo (8ms)
			ResolveRequiredComponents (6ms)
	FinalizeReload (1127ms)
		ReleaseScriptCaches (0ms)
		RebuildScriptCaches (0ms)
		SetupLoadedEditorAssemblies (419ms)
			LogAssemblyErrors (0ms)
			InitializePlatformSupportModulesInManaged (30ms)
			SetLoadedEditorAssemblies (5ms)
			RefreshPlugins (0ms)
			BeforeProcessingInitializeOnLoad (67ms)
			ProcessInitializeOnLoadAttributes (281ms)
			ProcessInitializeOnLoadMethodAttributes (24ms)
			AfterProcessingInitializeOnLoad (11ms)
			EditorAssembliesLoaded (0ms)
		ExecutionOrderSort2 (0ms)
		AwakeInstancesAfterBackupRestoration (9ms)
Refreshing native plugins compatible for Editor in 4.59 ms, found 3 plugins.
Preloading 0 native plugins for Editor in 0.00 ms.
Unloading 3076 Unused Serialized files (Serialized files now loaded: 0)
Unloading 23 unused Assets / (31.1 KB). Loaded Objects now: 3566.
Memory consumption went from 137.2 MB to 137.2 MB.
Total: 3.042600 ms (FindLiveObjects: 0.256000 ms CreateObjectMapping: 0.212900 ms MarkObjects: 2.527500 ms  DeleteObjects: 0.044800 ms)

Prepare: number of updated asset objects reloaded= 0
AssetImportParameters requested are different than current active one (requested -> active):
  custom:container-demuxer-ogg: 62fdf1f143b41e24485cea50d1cbac27 -> 
  custom:video-codec-MediaFoundation-h265: 746d11721c4dcdbdad8f713fa42b33f4 -> 
  custom:video-decoder-ogg-theora: a1e56fd34408186e4bbccfd4996cb3dc -> 
  custom:framework-win-MediaFoundation: 216162199b28c13a410421893ffa2e32 -> 
  custom:CustomObjectIndexerAttribute: 43b350a4d6e6d1791af0b5038c4bea17 -> 
  custom:container-demuxer-webm: 4f35f7cbe854078d1ac9338744f61a02 -> 
  custom:container-muxer-webm: aa71ff27fc2769a1b78a27578f13a17b -> 
  custom:video-decoder-webm-vp8: 9c59270c3fd7afecdb556c50c9e8de78 -> 
  custom:SearchIndexIgnoredProperties: e643bd26f0fe6173181afceb89e7c659 -> 
  custom:AudioImporter_EditorPlatform: d09bf68614088b80899f8185d706f6e7 -> 
  custom:video-encoder-webm-vp8: eb34c28f22e8b96e1ab97ce403110664 -> 
  custom:audio-decoder-ogg-vorbis: bf7c407c2cedff20999df2af8eb42d56 -> 
  custom:audio-encoder-webm-vorbis: bf7c407c2cedff20999df2af8eb42d56 -> 
========================================================================
Received Prepare
Begin MonoManager ReloadAssembly
- Loaded All Assemblies, in  0.496 seconds
Refreshing native plugins compatible for Editor in 5.13 ms, found 3 plugins.
Native extension for UWP target not found
Native extension for WindowsStandalone target not found
Native extension for Android target not found
Native extension for WebGL target not found
[Package Manager] Server::EnsureServerProcessIsRunning -- launch failed, reason: Unity was launched with the -noUpm command-line argument
[Package Manager] UpmClient::Send -- Unable to send message (not connected to UPM process).
[Package Manager] Cannot connect to Unity Package Manager local server
Mono: successfully reloaded assembly
- Finished resetting the current domain, in  1.369 seconds
Domain Reload Profiling: 1860ms
	BeginReloadAssembly (166ms)
		ExecutionOrderSort (0ms)
		DisableScriptedObjects (6ms)
		BackupInstance (0ms)
		ReleaseScriptingObjects (0ms)
		CreateAndSetChildDomain (37ms)
	RebuildCommonClasses (36ms)
	RebuildNativeTypeToScriptingClass (12ms)
	initialDomainReloadingComplete (35ms)
	LoadAllAssembliesAndSetupDomain (241ms)
		LoadAssemblies (320ms)
		RebuildTransferFunctionScriptingTraits (0ms)
		AnalyzeDomain (12ms)
			TypeCache.Refresh (6ms)
				TypeCache.ScanAssembly (0ms)
			ScanForSourceGeneratedMonoScriptInfo (0ms)
			ResolveRequiredComponents (5ms)
	FinalizeReload (1369ms)
		ReleaseScriptCaches (0ms)
		RebuildScriptCaches (0ms)
		SetupLoadedEditorAssemblies (622ms)
			LogAssemblyErrors (0ms)
			InitializePlatformSupportModulesInManaged (47ms)
			SetLoadedEditorAssemblies (7ms)
			RefreshPlugins (0ms)
			BeforeProcessingInitializeOnLoad (96ms)
			ProcessInitializeOnLoadAttributes (426ms)
			ProcessInitializeOnLoadMethodAttributes (30ms)
			AfterProcessingInitializeOnLoad (14ms)
			EditorAssembliesLoaded (0ms)
		ExecutionOrderSort2 (0ms)
		AwakeInstancesAfterBackupRestoration (11ms)
Refreshing native plugins compatible for Editor in 6.24 ms, found 3 plugins.
Preloading 0 native plugins for Editor in 0.00 ms.
Unloading 3076 Unused Serialized files (Serialized files now loaded: 0)
Unloading 23 unused Assets / (31.0 KB). Loaded Objects now: 3569.
Memory consumption went from 139.1 MB to 139.1 MB.
Total: 3.978600 ms (FindLiveObjects: 0.258000 ms CreateObjectMapping: 0.284100 ms MarkObjects: 3.363300 ms  DeleteObjects: 0.072200 ms)

Prepare: number of updated asset objects reloaded= 0
AssetImportParameters requested are different than current active one (requested -> active):
  custom:container-demuxer-ogg: 62fdf1f143b41e24485cea50d1cbac27 -> 
  custom:video-codec-MediaFoundation-h265: 746d11721c4dcdbdad8f713fa42b33f4 -> 
  custom:video-decoder-ogg-theora: a1e56fd34408186e4bbccfd4996cb3dc -> 
  custom:framework-win-MediaFoundation: 216162199b28c13a410421893ffa2e32 -> 
  custom:CustomObjectIndexerAttribute: 43b350a4d6e6d1791af0b5038c4bea17 -> 
  custom:container-demuxer-webm: 4f35f7cbe854078d1ac9338744f61a02 -> 
  custom:container-muxer-webm: aa71ff27fc2769a1b78a27578f13a17b -> 
  custom:video-decoder-webm-vp8: 9c59270c3fd7afecdb556c50c9e8de78 -> 
  custom:SearchIndexIgnoredProperties: e643bd26f0fe6173181afceb89e7c659 -> 
  custom:AudioImporter_EditorPlatform: d09bf68614088b80899f8185d706f6e7 -> 
  custom:video-encoder-webm-vp8: eb34c28f22e8b96e1ab97ce403110664 -> 
  custom:audio-decoder-ogg-vorbis: bf7c407c2cedff20999df2af8eb42d56 -> 
  custom:audio-encoder-webm-vorbis: bf7c407c2cedff20999df2af8eb42d56 -> 
